<?xml version="1.0" encoding="UTF-8"?>
<testsuite xmlns:xsi="http://www.w3.org/2001/XMLSchema-instance" xsi:noNamespaceSchemaLocation="https://maven.apache.org/surefire/maven-surefire-plugin/xsd/surefire-test-report.xsd" name="karate.ApiTest" time="6.898" tests="1" errors="0" skipped="0" failures="1">
  <properties>
[...]
</properties>
  <testcase name="testParallel" classname="karate.ApiTest" time="6.894">
    <failure message="status code was: 400, expected: 200, response time in milliseconds: 14, url: http://localhost:8080/api/users/null, response: &#10;{&quot;type&quot;:&quot;about:blank&quot;,&quot;title&quot;:&quot;Bad Request&quot;,&quot;status&quot;:400,&quot;detail&quot;:&quot;Failed to convert &apos;null&apos; with value: &apos;null&apos;&quot;,&quot;instance&quot;:&quot;/api/users/null&quot;}&#10;classpath:karate/users/users.feature:64&#10;match failed: CONTAINS&#10;  $ | actual does not contain expected | all key-values did not match, expected has un-matched keys - [password, roles] (MAP:MAP)&#10;  {&quot;userId&quot;:212,&quot;username&quot;:&quot;user14@gmail.com&quot;,&quot;password&quot;:&quot;$2a$10$lCq.Iea1zFOt7lFMB1eoQuqQr6tihZB78SnEee1oSfrt107TSge0m&quot;,&quot;lastName&quot;:&quot;Maestas&quot;,&quot;firstName&quot;:&quot;Tom2&quot;,&quot;userType&quot;:3,&quot;phone&quot;:&quot;5055087707&quot;,&quot;email&quot;:&quot;Tom2@gmail.com&quot;,&quot;cusUrl&quot;:&quot;https://doggywood-veterinary.s3.amazonaws.com/assets/Animals/random_a2.jpg&quot;,&quot;photoPath&quot;:&quot;photoPath&quot;,&quot;isActive&quot;:0,&quot;contactType&quot;:1,&quot;roles&quot;:[{&quot;id&quot;:2,&quot;name&quot;:&quot;ROLE_ADMIN&quot;}]}&#10;  {&quot;username&quot;:&quot;user14@gmail.com&quot;,&quot;password&quot;:&quot;$2a$10$j/BATcerSAuRXltl7ee5feXlpmHTJgtaAAhNB.eRxuFz2qjuyv5w6&quot;,&quot;lastName&quot;:&quot;Maestas&quot;,&quot;firstName&quot;:&quot;Tom2&quot;,&quot;userType&quot;:3,&quot;phone&quot;:&quot;5055087707&quot;,&quot;email&quot;:&quot;Tom2@gmail.com&quot;,&quot;cusUrl&quot;:&quot;https://doggywood-veterinary.s3.amazonaws.com/assets/Animals/random_a2.jpg&quot;,&quot;photoPath&quot;:&quot;photoPath&quot;,&quot;isActive&quot;:0,&quot;contactType&quot;:1,&quot;roles&quot;:[{&quot;id&quot;:1,&quot;name&quot;:&quot;ROLE_USER&quot;}]}&#10;&#10;    $.roles | not equal | array match failed at index 0 (LIST:LIST)&#10;    [{&quot;id&quot;:2,&quot;name&quot;:&quot;ROLE_ADMIN&quot;}]&#10;    [{&quot;id&quot;:1,&quot;name&quot;:&quot;ROLE_USER&quot;}]&#10;&#10;      $.roles[0] | not equal | match failed for name: &apos;id&apos; (MAP:MAP)&#10;      {&quot;id&quot;:2,&quot;name&quot;:&quot;ROLE_ADMIN&quot;}&#10;      {&quot;id&quot;:1,&quot;name&quot;:&quot;ROLE_USER&quot;}&#10;&#10;        $.roles[0].id | not equal (NUMBER:NUMBER)&#10;        2&#10;        1&#10;&#10;          $.password | not equal (STRING:STRING)&#10;          &apos;$2a$10$lCq.Iea1zFOt7lFMB1eoQuqQr6tihZB78SnEee1oSfrt107TSge0m&apos;&#10;          &apos;$2a$10$j/BATcerSAuRXltl7ee5feXlpmHTJgtaAAhNB.eRxuFz2qjuyv5w6&apos;&#10;&#10;classpath:karate/users/users.feature:134 ==&gt; expected: &lt;0&gt; but was: &lt;2&gt;" type="org.opentest4j.AssertionFailedError"><![CDATA[org.opentest4j.AssertionFailedError: 
status code was: 400, expected: 200, response time in milliseconds: 14, url: http://localhost:8080/api/users/null, response: 
{"type":"about:blank","title":"Bad Request","status":400,"detail":"Failed to convert 'null' with value: 'null'","instance":"/api/users/null"}
classpath:karate/users/users.feature:64
match failed: CONTAINS
  $ | actual does not contain expected | all key-values did not match, expected has un-matched keys - [password, roles] (MAP:MAP)
  {"userId":212,"username":"user14@gmail.com","password":"$2a$10$lCq.Iea1zFOt7lFMB1eoQuqQr6tihZB78SnEee1oSfrt107TSge0m","lastName":"Maestas","firstName":"Tom2","userType":3,"phone":"5055087707","email":"Tom2@gmail.com","cusUrl":"https://doggywood-veterinary.s3.amazonaws.com/assets/Animals/random_a2.jpg","photoPath":"photoPath","isActive":0,"contactType":1,"roles":[{"id":2,"name":"ROLE_ADMIN"}]}
  {"username":"user14@gmail.com","password":"$2a$10$j/BATcerSAuRXltl7ee5feXlpmHTJgtaAAhNB.eRxuFz2qjuyv5w6","lastName":"Maestas","firstName":"Tom2","userType":3,"phone":"5055087707","email":"Tom2@gmail.com","cusUrl":"https://doggywood-veterinary.s3.amazonaws.com/assets/Animals/random_a2.jpg","photoPath":"photoPath","isActive":0,"contactType":1,"roles":[{"id":1,"name":"ROLE_USER"}]}

    $.roles | not equal | array match failed at index 0 (LIST:LIST)
    [{"id":2,"name":"ROLE_ADMIN"}]
    [{"id":1,"name":"ROLE_USER"}]

      $.roles[0] | not equal | match failed for name: 'id' (MAP:MAP)
      {"id":2,"name":"ROLE_ADMIN"}
      {"id":1,"name":"ROLE_USER"}

        $.roles[0].id | not equal (NUMBER:NUMBER)
        2
        1

          $.password | not equal (STRING:STRING)
          '$2a$10$lCq.Iea1zFOt7lFMB1eoQuqQr6tihZB78SnEee1oSfrt107TSge0m'
          '$2a$10$j/BATcerSAuRXltl7ee5feXlpmHTJgtaAAhNB.eRxuFz2qjuyv5w6'

classpath:karate/users/users.feature:134 ==> expected: <0> but was: <2>
	at karate.ApiTest.testParallel(ApiTest.java:17)
]]></failure>
    <system-out><![CDATA[21:14:53.641 [main] DEBUG com.intuit.karate - request:
1 > GET http://localhost:8080/api/addresses
1 > Host: localhost:8080
1 > Connection: Keep-Alive
1 > User-Agent: Apache-HttpClient/4.5.13 (Java/17.0.9)
1 > Accept-Encoding: gzip,deflate


21:14:54.499 [main] DEBUG com.intuit.karate - response time in milliseconds: 854
1 < 200
1 < Vary: Origin
1 < Vary: Access-Control-Request-Method
1 < Vary: Access-Control-Request-Headers
1 < X-Content-Type-Options: nosniff
1 < X-XSS-Protection: 0
1 < Cache-Control: no-cache, no-store, max-age=0, must-revalidate
1 < Pragma: no-cache
1 < Expires: 0
1 < X-Frame-Options: SAMEORIGIN
1 < Content-Type: application/json
1 < Transfer-Encoding: chunked
1 < Date: Sat, 09 Dec 2023 02:14:54 GMT
1 < Keep-Alive: timeout=60
1 < Connection: keep-alive
[{"id":1,"description":"description","email":"Tom1@gmail.com","address":"0x900bE021E38B8d08435A03c05657C8cFA837cAeF","chain":"ropstein","iconUrl":"ICON_URL","blockExplorerUrl":"BLOCK_EXPLORER_URL","user":null,"chainId":101,"nftAddressDto":null},{"id":2,"description":"description","email":"Tom2@gmail.com","address":"0x399EEc3B8e889a2E0853dd254f09C4535061693A","chain":"polygon","iconUrl":"ICON_URL","blockExplorerUrl":"BLOCK_EXPLORER_URL","user":null,"chainId":151,"nftAddressDto":null},{"id":3,"description":"description","email":"Tom3@gmail.com","address":"0x399EEc3B8e889a2E0853dd254f09C4535061693A","chain":"ethereum","iconUrl":"ICON_URL","blockExplorerUrl":"BLOCK_EXPLORER_URL","user":null,"chainId":201,"nftAddressDto":null},{"id":4,"description":"description","email":"Tom4@gmail.com","address":"0x399EEc3B8e889a2E0853dd254f09C4535061693A","chain":"polygon","iconUrl":"ICON_URL","blockExplorerUrl":"BLOCK_EXPLORER_URL","user":null,"chainId":251,"nftAddressDto":null},{"id":5,"description":"description","email":"Tom5@gmail.com","address":"0x399EEc3B8e889a2E0853dd254f09C4535061693A","chain":"polygon","iconUrl":"ICON_URL","blockExplorerUrl":"BLOCK_EXPLORER_URL","user":null,"chainId":301,"nftAddressDto":null},{"id":6,"description":"description","email":"Tom6@gmail.com","address":"0x399EEc3B8e889a2E0853dd254f09C4535061693A","chain":"ropstein","iconUrl":"ICON_URL","blockExplorerUrl":"BLOCK_EXPLORER_URL","user":null,"chainId":351,"nftAddressDto":null},{"id":7,"description":"description","email":"Tom7@gmail.com","address":"0x900bE021E38B8d08435A03c05657C8cFA837cAeF","chain":"ethereum","iconUrl":"ICON_URL","blockExplorerUrl":"BLOCK_EXPLORER_URL","user":null,"chainId":401,"nftAddressDto":null},{"id":8,"description":"description","email":"Tom8@gmail.com","address":"0x900bE021E38B8d08435A03c05657C8cFA837cAeF","chain":"ethereum","iconUrl":"ICON_URL","blockExplorerUrl":"BLOCK_EXPLORER_URL","user":null,"chainId":451,"nftAddressDto":null},{"id":9,"description":"description","email":"thomas.maestas@hotmail.com","address":"0x900bE021E38B8d08435A03c05657C8cFA837cAeF","chain":"polygon","iconUrl":"ICON_URL","blockExplorerUrl":"BLOCK_EXPLORER_URL","user":null,"chainId":501,"nftAddressDto":null},{"id":10,"description":"description","email":"thomasm1.maestas@gmail.com","address":"0x399EEc3B8e889a2E0853dd254f09C4535061693A","chain":"goerli","iconUrl":"ICON_URL","blockExplorerUrl":"BLOCK_EXPLORER_URL","user":null,"chainId":551,"nftAddressDto":null}]
21:14:54.585 [main] INFO  com.intuit.karate - [print] null 
21:14:54.596 [main] DEBUG com.intuit.karate - request:
1 > GET http://localhost:8080/api/addresses/10002
1 > Host: localhost:8080
1 > Connection: Keep-Alive
1 > User-Agent: Apache-HttpClient/4.5.13 (Java/17.0.9)
1 > Accept-Encoding: gzip,deflate


21:14:54.668 [main] DEBUG com.intuit.karate - response time in milliseconds: 71
1 < 200
1 < Vary: Origin
1 < Vary: Access-Control-Request-Method
1 < Vary: Access-Control-Request-Headers
1 < X-Content-Type-Options: nosniff
1 < X-XSS-Protection: 0
1 < Cache-Control: no-cache, no-store, max-age=0, must-revalidate
1 < Pragma: no-cache
1 < Expires: 0
1 < X-Frame-Options: SAMEORIGIN
1 < Content-Length: 0
1 < Date: Sat, 09 Dec 2023 02:14:54 GMT
1 < Keep-Alive: timeout=60
1 < Connection: keep-alive

21:14:54.672 [main] INFO  com.intuit.karate - [print] null 
21:14:54.677 [main] DEBUG com.intuit.karate - request:
1 > GET http://localhost:8080/api/chains
1 > Host: localhost:8080
1 > Connection: Keep-Alive
1 > User-Agent: Apache-HttpClient/4.5.13 (Java/17.0.9)
1 > Accept-Encoding: gzip,deflate


21:14:54.790 [main] DEBUG com.intuit.karate - response time in milliseconds: 113
1 < 200
1 < Vary: Origin
1 < Vary: Access-Control-Request-Method
1 < Vary: Access-Control-Request-Headers
1 < X-Content-Type-Options: nosniff
1 < X-XSS-Protection: 0
1 < Cache-Control: no-cache, no-store, max-age=0, must-revalidate
1 < Pragma: no-cache
1 < Expires: 0
1 < X-Frame-Options: SAMEORIGIN
1 < Content-Type: application/json
1 < Transfer-Encoding: chunked
1 < Date: Sat, 09 Dec 2023 02:14:54 GMT
1 < Keep-Alive: timeout=60
1 < Connection: keep-alive
[{"chainId":11501,"name":"polygon","symbol":"MATIC_2","description":"matic  Chain","longDescription":"NFT - 0x1","iconUrl":"https://s3.amazonaws.com/tmm.net/img/polygon.jpg","category":"Mainnet","chainListIcon":null,"rpcUrl":"https://api.matic.network/ext/bc/C/rpc","id":2402,"blockExplorerUrl":null},{"chainId":11551,"name":"avalanche","symbol":"avax","description":"avalanche C-Chain","longDescription":"NFT - 0x1","iconUrl":"https://s3.amazonaws.com/tmm.net/img/avax.png","category":"Mainnet","chainListIcon":null,"rpcUrl":"https://api.avax.network/ext/bc/C/rpc","id":3,"blockExplorerUrl":null},{"chainId":11601,"name":"pulsechain","symbol":"pls","description":"pulsechain Mainnet","longDescription":"NFT   0x1","iconUrl":"https://s3.amazonaws.com/tmm.net/img/pulsechain.png","category":"Mainnet","chainListIcon":"https://friends-of-groot-society.s3.amazonaws.com/assets/android-chrome-384x384.png","rpcUrl":"https://rpc.pulsechain.io","id":4,"blockExplorerUrl":null},{"chainId":11651,"name":"solana","symbol":"sol","description":"solana Mainnet","longDescription":"NFT - 0x1","iconUrl":"https://s3.amazonaws.com/tmm.net/img/solana.jpg","category":"Mainnet","chainListIcon":"https://friends-of-groot-society.s3.amazonaws.com/assets/android-chrome-384x384.png","rpcUrl":"https://api.mainnet-beta.solana.com","id":3,"blockExplorerUrl":null},{"chainId":11701,"name":"polygon","symbol":"matic","description":"polygon Mainnet","longDescription":"NFT - 0x1","iconUrl":"https://s3.amazonaws.com/tmm.net/img/polygon.jpg","category":"Mainnet","chainListIcon":null,"rpcUrl":" https://rpc-mainnet.maticvigil.com/","id":3,"blockExplorerUrl":null},{"chainId":11751,"name":"pulsechain","symbol":"TPLS","description":"pulsechain Mainnet","longDescription":"NFT - 0x1","iconUrl":"https://s3.amazonaws.com/tmm.net/img/pulsechain.png","category":"Mainnet","chainListIcon":null,"rpcUrl":"https://rpc.testnet.pulsechain.com","id":240,"blockExplorerUrl":null},{"chainId":11801,"name":"ethereum","symbol":"ETH23","description":"ethereum Mainnet 23","longDescription":"NFT  0x1","iconUrl":"https://s3.amazonaws.com/tmm.net/img/ether.png","category":"ethereum","chainListIcon":null,"rpcUrl":"ETH RPC23","id":3,"blockExplorerUrl":null},{"chainId":11851,"name":"pulsechain","symbol":"pls","description":"pulsechain Mainnet","longDescription":"NFT - 0x1","iconUrl":"https://s3.amazonaws.com/tmm.net/img/pulsechain.png","category":"Mainnet","chainListIcon":"https://friends-of-groot-society.s3.amazonaws.com/assets/android-chrome-384x384.png","rpcUrl":"https://rpc.pulsechain.io","id":4,"blockExplorerUrl":null},{"chainId":11901,"name":"pulsechain","symbol":"pls","description":"pulsechain Mainnet","longDescription":"NFT - 0x1","iconUrl":"https://s3.amazonaws.com/tmm.net/img/pulsechain.png","category":"Mainnet","chainListIcon":"https://friends-of-groot-society.s3.amazonaws.com/assets/android-chrome-384x384.png","rpcUrl":"https://rpc.pulsechain.io","id":434,"blockExplorerUrl":null},{"chainId":11951,"name":"pulsechain7","symbol":"pls","description":"pulsechain Mainnet","longDescription":"NFT - 0x1","iconUrl":"https://s3.amazonaws.com/tmm.net/img/pulsechain.png","category":"Mainnet","chainListIcon":"https://friends-of-groot-society.s3.amazonaws.com/assets/android-chrome-384x384.png","rpcUrl":"https://rpc.pulsechain.io","id":23,"blockExplorerUrl":null}]
21:14:54.793 [main] INFO  com.intuit.karate - [print] null 
21:14:54.804 [main] DEBUG com.intuit.karate - request:
1 > GET http://localhost:8080/api/chains/11501
1 > Host: localhost:8080
1 > Connection: Keep-Alive
1 > User-Agent: Apache-HttpClient/4.5.13 (Java/17.0.9)
1 > Accept-Encoding: gzip,deflate


21:14:54.915 [main] DEBUG com.intuit.karate - response time in milliseconds: 111
1 < 200
1 < Vary: Origin
1 < Vary: Access-Control-Request-Method
1 < Vary: Access-Control-Request-Headers
1 < X-Content-Type-Options: nosniff
1 < X-XSS-Protection: 0
1 < Cache-Control: no-cache, no-store, max-age=0, must-revalidate
1 < Pragma: no-cache
1 < Expires: 0
1 < X-Frame-Options: SAMEORIGIN
1 < Content-Type: application/json
1 < Transfer-Encoding: chunked
1 < Date: Sat, 09 Dec 2023 02:14:54 GMT
1 < Keep-Alive: timeout=60
1 < Connection: keep-alive
{"chainId":11501,"name":"polygon","symbol":"MATIC_2","description":"matic  Chain","longDescription":"NFT - 0x1","iconUrl":"https://s3.amazonaws.com/tmm.net/img/polygon.jpg","category":"Mainnet","chainListIcon":null,"rpcUrl":"https://api.matic.network/ext/bc/C/rpc","id":2402,"blockExplorerUrl":null}
21:14:54.918 [main] INFO  com.intuit.karate - [print] null 
21:14:54.926 [main] DEBUG com.intuit.karate - request:
1 > GET http://localhost:8080/api/users
1 > Host: localhost:8080
1 > Connection: Keep-Alive
1 > User-Agent: Apache-HttpClient/4.5.13 (Java/17.0.9)
1 > Accept-Encoding: gzip,deflate


21:14:55.281 [main] DEBUG com.intuit.karate - response time in milliseconds: 355
1 < 200
1 < Vary: Origin
1 < Vary: Access-Control-Request-Method
1 < Vary: Access-Control-Request-Headers
1 < X-Content-Type-Options: nosniff
1 < X-XSS-Protection: 0
1 < Cache-Control: no-cache, no-store, max-age=0, must-revalidate
1 < Pragma: no-cache
1 < Expires: 0
1 < X-Frame-Options: SAMEORIGIN
1 < Content-Type: application/json
1 < Transfer-Encoding: chunked
1 < Date: Sat, 09 Dec 2023 02:14:54 GMT
1 < Keep-Alive: timeout=60
1 < Connection: keep-alive
[{"userId":211,"username":"Tom1@gmail.com","password":"$2a$10$I7m.Qj.5UwBlL2uiVQqyI.pyNbVFMpeD/H81OvFxV5BRiz8FHcShy","lastName":"Smith","firstName":"Tom1","userType":3,"phone":"5055087707","email":"Tom1@gmail.com","cusUrl":"https://doggywood-veterinary.s3.amazonaws.com/assets/Animals/random_a1.jpg","photoPath":"photoPath","isActive":0,"contactType":1,"roles":[{"id":2,"name":"ROLE_ADMIN"}]},{"userId":212,"username":"user31@gmail.com","password":"$2a$10$lCq.Iea1zFOt7lFMB1eoQuqQr6tihZB78SnEee1oSfrt107TSge0m","lastName":"Maestas","firstName":"Tom2","userType":3,"phone":"5055087707","email":"Tom2@gmail.com","cusUrl":"https://doggywood-veterinary.s3.amazonaws.com/assets/Animals/random_a2.jpg","photoPath":"photoPath","isActive":0,"contactType":1,"roles":[{"id":2,"name":"ROLE_ADMIN"}]},{"userId":213,"username":"Tom3@gmail.com","password":"$2a$10$lCq.Iea1zFOt7lFMB1eoQuqQr6tihZB78SnEee1oSfrt107TSge0m","lastName":"Smith","firstName":"Tom3","userType":3,"phone":"5055087707","email":"Tom3@gmail.com","cusUrl":"https://doggywood-veterinary.s3.amazonaws.com/assets/Animals/random_a3.jpg","photoPath":"photoPath","isActive":0,"contactType":1,"roles":[{"id":2,"name":"ROLE_ADMIN"}]},{"userId":214,"username":"Tom4@gmail.com","password":"$2a$10$lCq.Iea1zFOt7lFMB1eoQuqQr6tihZB78SnEee1oSfrt107TSge0m","lastName":"Smith","firstName":"Tom4","userType":0,"phone":"5055087707","email":"Tom4@gmail.com","cusUrl":"https://doggywood-veterinary.s3.amazonaws.com/assets/Animals/random_a4.jpg","photoPath":"photoPath","isActive":0,"contactType":0,"roles":[{"id":2,"name":"ROLE_ADMIN"}]},{"userId":215,"username":"Tom5@gmail.com","password":"$2a$10$lCq.Iea1zFOt7lFMB1eoQuqQr6tihZB78SnEee1oSfrt107TSge0m","lastName":"Smith","firstName":"Tom5","userType":3,"phone":"5055087707","email":"Tom5@gmail.com","cusUrl":"https://doggywood-veterinary.s3.amazonaws.com/assets/Animals/random_a6.jpg","photoPath":"photoPath","isActive":0,"contactType":1,"roles":[{"id":1,"name":"ROLE_USER"}]},{"userId":216,"username":"tom7@gmail.com","password":"$2a$10$lCq.Iea1zFOt7lFMB1eoQuqQr6tihZB78SnEee1oSfrt107TSge0m","lastName":"maestas","firstName":"tom7","userType":4,"phone":"999-999-9999","email":"tom7@gmail.com","cusUrl":"https://doggywood-veterinary.s3.amazonaws.com/assets/Animals/random_a8.jpg","photoPath":"photoPath","isActive":0,"contactType":1,"roles":[{"id":1,"name":"ROLE_USER"}]},{"userId":217,"username":"Tom8@gmail.com","password":"$2a$10$lCq.Iea1zFOt7lFMB1eoQuqQr6tihZB78SnEee1oSfrt107TSge0m","lastName":"Smith","firstName":"Tom8","userType":3,"phone":"5055087707","email":"Tom8@gmail.com","cusUrl":"https://doggywood-veterinary.s3.amazonaws.com/assets/Animals/random_a8.jpg","photoPath":"photoPath","isActive":0,"contactType":1,"roles":[{"id":1,"name":"ROLE_USER"}]},{"userId":218,"username":"thomas.maestas@hotmail.com","password":"$2a$10$I7m.Qj.5UwBlL2uiVQqyI.pyNbVFMpeD/H81OvFxV5BRiz8FHcShy","lastName":"Maestas","firstName":"thomas","userType":0,"phone":"5055087707","email":"thomas.maestas@hotmail.com","cusUrl":"https://doggywood-veterinary.s3.amazonaws.com/assets/Animals/random_a8.jpg","photoPath":"photoPath","isActive":0,"contactType":0,"roles":[{"id":1,"name":"ROLE_USER"}]},{"userId":219,"username":"thomasm1.maestas@gmail.com","password":"$2a$10$I7m.Qj.5UwBlL2uiVQqyI.pyNbVFMpeD/H81OvFxV5BRiz8FHcShy","lastName":"Maestas","firstName":"thomasm1","userType":3,"phone":"5055087707","email":"thomasm1.maestas@gmail.com","cusUrl":"https://doggywood-veterinary.s3.amazonaws.com/assets/Animals/random_a8.jpg","photoPath":"photoPath","isActive":0,"contactType":1,"roles":[{"id":1,"name":"ROLE_USER"}]}]
21:14:55.283 [main] INFO  com.intuit.karate - [print] null 
21:14:55.289 [main] DEBUG com.intuit.karate - request:
1 > GET http://localhost:8080/api/users/211
1 > Host: localhost:8080
1 > Connection: Keep-Alive
1 > User-Agent: Apache-HttpClient/4.5.13 (Java/17.0.9)
1 > Accept-Encoding: gzip,deflate


21:14:55.340 [main] DEBUG com.intuit.karate - response time in milliseconds: 50
1 < 200
1 < Vary: Origin
1 < Vary: Access-Control-Request-Method
1 < Vary: Access-Control-Request-Headers
1 < X-Content-Type-Options: nosniff
1 < X-XSS-Protection: 0
1 < Cache-Control: no-cache, no-store, max-age=0, must-revalidate
1 < Pragma: no-cache
1 < Expires: 0
1 < X-Frame-Options: SAMEORIGIN
1 < Content-Type: application/json
1 < Transfer-Encoding: chunked
1 < Date: Sat, 09 Dec 2023 02:14:54 GMT
1 < Keep-Alive: timeout=60
1 < Connection: keep-alive
{"userId":211,"username":"Tom1@gmail.com","password":"$2a$10$I7m.Qj.5UwBlL2uiVQqyI.pyNbVFMpeD/H81OvFxV5BRiz8FHcShy","lastName":"Smith","firstName":"Tom1","userType":3,"phone":"5055087707","email":"Tom1@gmail.com","cusUrl":"https://doggywood-veterinary.s3.amazonaws.com/assets/Animals/random_a1.jpg","photoPath":"photoPath","isActive":0,"contactType":1,"roles":[{"id":2,"name":"ROLE_ADMIN"}]}
21:14:55.342 [main] INFO  com.intuit.karate - [print] null 
21:14:55.347 [main] DEBUG com.intuit.karate - request:
1 > GET http://localhost:8080/api/nfts
1 > Host: localhost:8080
1 > Connection: Keep-Alive
1 > User-Agent: Apache-HttpClient/4.5.13 (Java/17.0.9)
1 > Accept-Encoding: gzip,deflate


21:14:55.475 [main] DEBUG com.intuit.karate - response time in milliseconds: 128
1 < 200
1 < Vary: Origin
1 < Vary: Access-Control-Request-Method
1 < Vary: Access-Control-Request-Headers
1 < X-Content-Type-Options: nosniff
1 < X-XSS-Protection: 0
1 < Cache-Control: no-cache, no-store, max-age=0, must-revalidate
1 < Pragma: no-cache
1 < Expires: 0
1 < X-Frame-Options: SAMEORIGIN
1 < Content-Length: 0
1 < Date: Sat, 09 Dec 2023 02:14:54 GMT
1 < Keep-Alive: timeout=60
1 < Connection: keep-alive

21:14:55.477 [main] INFO  com.intuit.karate - [print] null 
21:14:55.481 [main] DEBUG com.intuit.karate - request:
1 > GET http://localhost:8080/api/nfts/4002
1 > Host: localhost:8080
1 > Connection: Keep-Alive
1 > User-Agent: Apache-HttpClient/4.5.13 (Java/17.0.9)
1 > Accept-Encoding: gzip,deflate


21:14:55.573 [main] DEBUG com.intuit.karate - response time in milliseconds: 91
1 < 200
1 < Vary: Origin
1 < Vary: Access-Control-Request-Method
1 < Vary: Access-Control-Request-Headers
1 < X-Content-Type-Options: nosniff
1 < X-XSS-Protection: 0
1 < Cache-Control: no-cache, no-store, max-age=0, must-revalidate
1 < Pragma: no-cache
1 < Expires: 0
1 < X-Frame-Options: SAMEORIGIN
1 < Content-Length: 0
1 < Date: Sat, 09 Dec 2023 02:14:55 GMT
1 < Keep-Alive: timeout=60
1 < Connection: keep-alive

21:14:55.575 [main] INFO  com.intuit.karate - [print] null 
---------------------------------------------------------
feature: classpath:karate/apiTest.feature
scenarios:  8 | passed:  8 | failed:  0 | time: 2.1754
---------------------------------------------------------

21:14:56.286 [main] INFO  com.intuit.karate.Suite - <<pass>> feature 1 of 9 (0 remaining) classpath:karate/apiTest.feature
21:14:56.292 [main] DEBUG com.intuit.karate - request:
1 > GET http://localhost:8080/api/addresses/10001
1 > Host: localhost:8080
1 > Connection: Keep-Alive
1 > User-Agent: Apache-HttpClient/4.5.13 (Java/17.0.9)
1 > Accept-Encoding: gzip,deflate


21:14:56.379 [main] DEBUG com.intuit.karate - response time in milliseconds: 87
1 < 200
1 < Vary: Origin
1 < Vary: Access-Control-Request-Method
1 < Vary: Access-Control-Request-Headers
1 < X-Content-Type-Options: nosniff
1 < X-XSS-Protection: 0
1 < Cache-Control: no-cache, no-store, max-age=0, must-revalidate
1 < Pragma: no-cache
1 < Expires: 0
1 < X-Frame-Options: SAMEORIGIN
1 < Content-Length: 0
1 < Date: Sat, 09 Dec 2023 02:14:55 GMT
1 < Keep-Alive: timeout=60
1 < Connection: keep-alive

21:14:56.382 [main] INFO  com.intuit.karate - [print] null 
21:14:56.386 [main] DEBUG com.intuit.karate - request:
1 > GET http://localhost:8080/api/addresses
1 > Host: localhost:8080
1 > Connection: Keep-Alive
1 > User-Agent: Apache-HttpClient/4.5.13 (Java/17.0.9)
1 > Accept-Encoding: gzip,deflate


21:14:56.739 [main] DEBUG com.intuit.karate - response time in milliseconds: 353
1 < 200
1 < Vary: Origin
1 < Vary: Access-Control-Request-Method
1 < Vary: Access-Control-Request-Headers
1 < X-Content-Type-Options: nosniff
1 < X-XSS-Protection: 0
1 < Cache-Control: no-cache, no-store, max-age=0, must-revalidate
1 < Pragma: no-cache
1 < Expires: 0
1 < X-Frame-Options: SAMEORIGIN
1 < Content-Type: application/json
1 < Transfer-Encoding: chunked
1 < Date: Sat, 09 Dec 2023 02:14:56 GMT
1 < Keep-Alive: timeout=60
1 < Connection: keep-alive
[{"id":1,"description":"description","email":"Tom1@gmail.com","address":"0x900bE021E38B8d08435A03c05657C8cFA837cAeF","chain":"ropstein","iconUrl":"ICON_URL","blockExplorerUrl":"BLOCK_EXPLORER_URL","user":null,"chainId":101,"nftAddressDto":null},{"id":2,"description":"description","email":"Tom2@gmail.com","address":"0x399EEc3B8e889a2E0853dd254f09C4535061693A","chain":"polygon","iconUrl":"ICON_URL","blockExplorerUrl":"BLOCK_EXPLORER_URL","user":null,"chainId":151,"nftAddressDto":null},{"id":3,"description":"description","email":"Tom3@gmail.com","address":"0x399EEc3B8e889a2E0853dd254f09C4535061693A","chain":"ethereum","iconUrl":"ICON_URL","blockExplorerUrl":"BLOCK_EXPLORER_URL","user":null,"chainId":201,"nftAddressDto":null},{"id":4,"description":"description","email":"Tom4@gmail.com","address":"0x399EEc3B8e889a2E0853dd254f09C4535061693A","chain":"polygon","iconUrl":"ICON_URL","blockExplorerUrl":"BLOCK_EXPLORER_URL","user":null,"chainId":251,"nftAddressDto":null},{"id":5,"description":"description","email":"Tom5@gmail.com","address":"0x399EEc3B8e889a2E0853dd254f09C4535061693A","chain":"polygon","iconUrl":"ICON_URL","blockExplorerUrl":"BLOCK_EXPLORER_URL","user":null,"chainId":301,"nftAddressDto":null},{"id":6,"description":"description","email":"Tom6@gmail.com","address":"0x399EEc3B8e889a2E0853dd254f09C4535061693A","chain":"ropstein","iconUrl":"ICON_URL","blockExplorerUrl":"BLOCK_EXPLORER_URL","user":null,"chainId":351,"nftAddressDto":null},{"id":7,"description":"description","email":"Tom7@gmail.com","address":"0x900bE021E38B8d08435A03c05657C8cFA837cAeF","chain":"ethereum","iconUrl":"ICON_URL","blockExplorerUrl":"BLOCK_EXPLORER_URL","user":null,"chainId":401,"nftAddressDto":null},{"id":8,"description":"description","email":"Tom8@gmail.com","address":"0x900bE021E38B8d08435A03c05657C8cFA837cAeF","chain":"ethereum","iconUrl":"ICON_URL","blockExplorerUrl":"BLOCK_EXPLORER_URL","user":null,"chainId":451,"nftAddressDto":null},{"id":9,"description":"description","email":"thomas.maestas@hotmail.com","address":"0x900bE021E38B8d08435A03c05657C8cFA837cAeF","chain":"polygon","iconUrl":"ICON_URL","blockExplorerUrl":"BLOCK_EXPLORER_URL","user":null,"chainId":501,"nftAddressDto":null},{"id":10,"description":"description","email":"thomasm1.maestas@gmail.com","address":"0x399EEc3B8e889a2E0853dd254f09C4535061693A","chain":"goerli","iconUrl":"ICON_URL","blockExplorerUrl":"BLOCK_EXPLORER_URL","user":null,"chainId":551,"nftAddressDto":null}]
21:14:56.740 [main] INFO  com.intuit.karate - [print] null 
---------------------------------------------------------
feature: classpath:karate/addresses/addresses.feature
scenarios:  2 | passed:  2 | failed:  0 | time: 0.4472
---------------------------------------------------------

21:14:56.784 [main] INFO  com.intuit.karate.Suite - <<pass>> feature 2 of 9 (0 remaining) classpath:karate/addresses/addresses.feature
21:14:56.789 [main] DEBUG com.intuit.karate - request:
1 > GET http://localhost:8080/api/chains
1 > Host: localhost:8080
1 > Connection: Keep-Alive
1 > User-Agent: Apache-HttpClient/4.5.13 (Java/17.0.9)
1 > Accept-Encoding: gzip,deflate


21:14:56.880 [main] DEBUG com.intuit.karate - response time in milliseconds: 91
1 < 200
1 < Vary: Origin
1 < Vary: Access-Control-Request-Method
1 < Vary: Access-Control-Request-Headers
1 < X-Content-Type-Options: nosniff
1 < X-XSS-Protection: 0
1 < Cache-Control: no-cache, no-store, max-age=0, must-revalidate
1 < Pragma: no-cache
1 < Expires: 0
1 < X-Frame-Options: SAMEORIGIN
1 < Content-Type: application/json
1 < Transfer-Encoding: chunked
1 < Date: Sat, 09 Dec 2023 02:14:56 GMT
1 < Keep-Alive: timeout=60
1 < Connection: keep-alive
[{"chainId":11501,"name":"polygon","symbol":"MATIC_2","description":"matic  Chain","longDescription":"NFT - 0x1","iconUrl":"https://s3.amazonaws.com/tmm.net/img/polygon.jpg","category":"Mainnet","chainListIcon":null,"rpcUrl":"https://api.matic.network/ext/bc/C/rpc","id":2402,"blockExplorerUrl":null},{"chainId":11551,"name":"avalanche","symbol":"avax","description":"avalanche C-Chain","longDescription":"NFT - 0x1","iconUrl":"https://s3.amazonaws.com/tmm.net/img/avax.png","category":"Mainnet","chainListIcon":null,"rpcUrl":"https://api.avax.network/ext/bc/C/rpc","id":3,"blockExplorerUrl":null},{"chainId":11601,"name":"pulsechain","symbol":"pls","description":"pulsechain Mainnet","longDescription":"NFT   0x1","iconUrl":"https://s3.amazonaws.com/tmm.net/img/pulsechain.png","category":"Mainnet","chainListIcon":"https://friends-of-groot-society.s3.amazonaws.com/assets/android-chrome-384x384.png","rpcUrl":"https://rpc.pulsechain.io","id":4,"blockExplorerUrl":null},{"chainId":11651,"name":"solana","symbol":"sol","description":"solana Mainnet","longDescription":"NFT - 0x1","iconUrl":"https://s3.amazonaws.com/tmm.net/img/solana.jpg","category":"Mainnet","chainListIcon":"https://friends-of-groot-society.s3.amazonaws.com/assets/android-chrome-384x384.png","rpcUrl":"https://api.mainnet-beta.solana.com","id":3,"blockExplorerUrl":null},{"chainId":11701,"name":"polygon","symbol":"matic","description":"polygon Mainnet","longDescription":"NFT - 0x1","iconUrl":"https://s3.amazonaws.com/tmm.net/img/polygon.jpg","category":"Mainnet","chainListIcon":null,"rpcUrl":" https://rpc-mainnet.maticvigil.com/","id":3,"blockExplorerUrl":null},{"chainId":11751,"name":"pulsechain","symbol":"TPLS","description":"pulsechain Mainnet","longDescription":"NFT - 0x1","iconUrl":"https://s3.amazonaws.com/tmm.net/img/pulsechain.png","category":"Mainnet","chainListIcon":null,"rpcUrl":"https://rpc.testnet.pulsechain.com","id":240,"blockExplorerUrl":null},{"chainId":11801,"name":"ethereum","symbol":"ETH23","description":"ethereum Mainnet 23","longDescription":"NFT  0x1","iconUrl":"https://s3.amazonaws.com/tmm.net/img/ether.png","category":"ethereum","chainListIcon":null,"rpcUrl":"ETH RPC23","id":3,"blockExplorerUrl":null},{"chainId":11851,"name":"pulsechain","symbol":"pls","description":"pulsechain Mainnet","longDescription":"NFT - 0x1","iconUrl":"https://s3.amazonaws.com/tmm.net/img/pulsechain.png","category":"Mainnet","chainListIcon":"https://friends-of-groot-society.s3.amazonaws.com/assets/android-chrome-384x384.png","rpcUrl":"https://rpc.pulsechain.io","id":4,"blockExplorerUrl":null},{"chainId":11901,"name":"pulsechain","symbol":"pls","description":"pulsechain Mainnet","longDescription":"NFT - 0x1","iconUrl":"https://s3.amazonaws.com/tmm.net/img/pulsechain.png","category":"Mainnet","chainListIcon":"https://friends-of-groot-society.s3.amazonaws.com/assets/android-chrome-384x384.png","rpcUrl":"https://rpc.pulsechain.io","id":434,"blockExplorerUrl":null},{"chainId":11951,"name":"pulsechain7","symbol":"pls","description":"pulsechain Mainnet","longDescription":"NFT - 0x1","iconUrl":"https://s3.amazonaws.com/tmm.net/img/pulsechain.png","category":"Mainnet","chainListIcon":"https://friends-of-groot-society.s3.amazonaws.com/assets/android-chrome-384x384.png","rpcUrl":"https://rpc.pulsechain.io","id":23,"blockExplorerUrl":null}]
21:14:56.882 [main] INFO  com.intuit.karate - [print] null 
21:14:56.887 [main] DEBUG com.intuit.karate - request:
1 > GET http://localhost:8080/api/chains/11501
1 > Host: localhost:8080
1 > Connection: Keep-Alive
1 > User-Agent: Apache-HttpClient/4.5.13 (Java/17.0.9)
1 > Accept-Encoding: gzip,deflate


21:14:56.975 [main] DEBUG com.intuit.karate - response time in milliseconds: 88
1 < 200
1 < Vary: Origin
1 < Vary: Access-Control-Request-Method
1 < Vary: Access-Control-Request-Headers
1 < X-Content-Type-Options: nosniff
1 < X-XSS-Protection: 0
1 < Cache-Control: no-cache, no-store, max-age=0, must-revalidate
1 < Pragma: no-cache
1 < Expires: 0
1 < X-Frame-Options: SAMEORIGIN
1 < Content-Type: application/json
1 < Transfer-Encoding: chunked
1 < Date: Sat, 09 Dec 2023 02:14:56 GMT
1 < Keep-Alive: timeout=60
1 < Connection: keep-alive
{"chainId":11501,"name":"polygon","symbol":"MATIC_2","description":"matic  Chain","longDescription":"NFT - 0x1","iconUrl":"https://s3.amazonaws.com/tmm.net/img/polygon.jpg","category":"Mainnet","chainListIcon":null,"rpcUrl":"https://api.matic.network/ext/bc/C/rpc","id":2402,"blockExplorerUrl":null}
21:14:56.977 [main] INFO  com.intuit.karate - [print] null 
---------------------------------------------------------
feature: classpath:karate/chains/chains.feature
scenarios:  2 | passed:  2 | failed:  0 | time: 0.1862
---------------------------------------------------------

21:14:57.014 [main] INFO  com.intuit.karate.Suite - <<pass>> feature 3 of 9 (0 remaining) classpath:karate/chains/chains.feature
21:14:57.022 [main] DEBUG com.intuit.karate - request:
1 > GET http://localhost:8080/actuator/health
1 > Host: localhost:8080
1 > Connection: Keep-Alive
1 > User-Agent: Apache-HttpClient/4.5.13 (Java/17.0.9)
1 > Accept-Encoding: gzip,deflate


21:14:57.085 [main] DEBUG com.intuit.karate - response time in milliseconds: 63
1 < 200
1 < X-Content-Type-Options: nosniff
1 < X-XSS-Protection: 0
1 < Cache-Control: no-cache, no-store, max-age=0, must-revalidate
1 < Pragma: no-cache
1 < Expires: 0
1 < X-Frame-Options: SAMEORIGIN
1 < Content-Type: application/vnd.spring-boot.actuator.v3+json
1 < Transfer-Encoding: chunked
1 < Date: Sat, 09 Dec 2023 02:14:56 GMT
1 < Keep-Alive: timeout=60
1 < Connection: keep-alive
{"status":"UP","components":{"db":{"status":"UP","details":{"database":"Oracle","validationQuery":"isValid()"}},"diskSpace":{"status":"UP","details":{"total":510981537792,"free":58801606656,"threshold":10485760,"path":"C:\\w\\git\\www\\_groot\\mat-api\\.","exists":true}},"ping":{"status":"UP"}}}
21:14:57.087 [main] INFO  com.intuit.karate - [print] null 
21:14:57.091 [main] DEBUG com.intuit.karate - request:
1 > GET http://localhost:8080/actuator/info
1 > Host: localhost:8080
1 > Connection: Keep-Alive
1 > User-Agent: Apache-HttpClient/4.5.13 (Java/17.0.9)
1 > Accept-Encoding: gzip,deflate


21:14:57.101 [main] DEBUG com.intuit.karate - response time in milliseconds: 9
1 < 200
1 < X-Content-Type-Options: nosniff
1 < X-XSS-Protection: 0
1 < Cache-Control: no-cache, no-store, max-age=0, must-revalidate
1 < Pragma: no-cache
1 < Expires: 0
1 < X-Frame-Options: SAMEORIGIN
1 < Content-Type: application/vnd.spring-boot.actuator.v3+json
1 < Transfer-Encoding: chunked
1 < Date: Sat, 09 Dec 2023 02:14:56 GMT
1 < Keep-Alive: timeout=60
1 < Connection: keep-alive
{"app":{"name":"friendsofgroot","description":"MaPL NFT WALLET REST API","version":"3.3.3"}}
21:14:57.102 [main] INFO  com.intuit.karate - [print] null 
21:14:57.107 [main] DEBUG com.intuit.karate - request:
1 > GET http://localhost:8080/actuator/env
1 > Host: localhost:8080
1 > Connection: Keep-Alive
1 > User-Agent: Apache-HttpClient/4.5.13 (Java/17.0.9)
1 > Accept-Encoding: gzip,deflate


21:14:57.126 [main] DEBUG com.intuit.karate - response time in milliseconds: 19
1 < 200
1 < X-Content-Type-Options: nosniff
1 < X-XSS-Protection: 0
1 < Cache-Control: no-cache, no-store, max-age=0, must-revalidate
1 < Pragma: no-cache
1 < Expires: 0
1 < X-Frame-Options: SAMEORIGIN
1 < Content-Type: application/vnd.spring-boot.actuator.v3+json
1 < Transfer-Encoding: chunked
1 < Date: Sat, 09 Dec 2023 02:14:56 GMT
1 < Keep-Alive: timeout=60
1 < Connection: keep-alive
{"activeProfiles":["prod"],"propertySources":[{"name":"server.ports","properties":{"local.server.port":{"value":"******"}}},{"name":"servletContextInitParams","properties":{}},{"name":"systemProperties","properties":{"java.specification.version":{"value":"******"},"sun.cpu.isalist":{"value":"******"},"sun.jnu.encoding":{"value":"******"},"java.class.path":{"value":"******"},"java.vm.vendor":{"value":"******"},"sun.arch.data.model":{"value":"******"},"user.variant":{"value":"******"},"java.vendor.url":{"value":"******"},"catalina.useNaming":{"value":"******"},"user.timezone":{"value":"******"},"org.jboss.logging.provider":{"value":"******"},"java.vm.specification.version":{"value":"******"},"os.name":{"value":"******"},"sun.java.launcher":{"value":"******"},"user.country":{"value":"******"},"sun.boot.library.path":{"value":"******"},"sun.java.command":{"value":"******"},"jdk.debug":{"value":"******"},"sun.cpu.endian":{"value":"******"},"user.home":{"value":"******"},"user.language":{"value":"******"},"java.specification.vendor":{"value":"******"},"java.version.date":{"value":"******"},"java.home":{"value":"******"},"file.separator":{"value":"******"},"java.vm.compressedOopsMode":{"value":"******"},"line.separator":{"value":"******"},"java.vm.specification.vendor":{"value":"******"},"java.specification.name":{"value":"******"},"FILE_LOG_CHARSET":{"value":"******"},"java.awt.headless":{"value":"******"},"user.script":{"value":"******"},"java.protocol.handler.pkgs":{"value":"******"},"sun.management.compiler":{"value":"******"},"java.runtime.version":{"value":"******"},"user.name":{"value":"******"},"path.separator":{"value":"******"},"os.version":{"value":"******"},"java.runtime.name":{"value":"******"},"file.encoding":{"value":"******"},"java.vm.name":{"value":"******"},"java.vendor.url.bug":{"value":"******"},"java.io.tmpdir":{"value":"******"},"catalina.home":{"value":"******"},"com.zaxxer.hikari.pool_number":{"value":"******"},"java.version":{"value":"******"},"user.dir":{"value":"******"},"os.arch":{"value":"******"},"java.vm.specification.name":{"value":"******"},"PID":{"value":"******"},"sun.os.patch.level":{"value":"******"},"CONSOLE_LOG_CHARSET":{"value":"******"},"catalina.base":{"value":"******"},"native.encoding":{"value":"******"},"java.library.path":{"value":"******"},"java.vm.info":{"value":"******"},"java.vendor":{"value":"******"},"java.vm.version":{"value":"******"},"sun.io.unicode.encoding":{"value":"******"},"java.class.version":{"value":"******"}}},{"name":"systemEnvironment","properties":{"PATH":{"value":"******","origin":"System Environment Property \"PATH\""},"PKG_CONFIG_PATH":{"value":"******","origin":"System Environment Property \"PKG_CONFIG_PATH\""},"CONFIG_SITE":{"value":"******","origin":"System Environment Property \"CONFIG_SITE\""},"SESSIONNAME":{"value":"******","origin":"System Environment Property \"SESSIONNAME\""},"ALLUSERSPROFILE":{"value":"******","origin":"System Environment Property \"ALLUSERSPROFILE\""},"ORIGINAL_TEMP":{"value":"******","origin":"System Environment Property \"ORIGINAL_TEMP\""},"PROGRAMFILES":{"value":"******","origin":"System Environment Property \"PROGRAMFILES\""},"SSH_AGENT_PID":{"value":"******","origin":"System Environment Property \"SSH_AGENT_PID\""},"USERNAME":{"value":"******","origin":"System Environment Property \"USERNAME\""},"PWD":{"value":"******","origin":"System Environment Property \"PWD\""},"TERM_PROGRAM_VERSION":{"value":"******","origin":"System Environment Property \"TERM_PROGRAM_VERSION\""},"FIREBASE_API":{"value":"******","origin":"System Environment Property \"FIREBASE_API\""},"ProgramFiles(x86)":{"value":"******","origin":"System Environment Property \"ProgramFiles(x86)\""},"FPS_BROWSER_USER_PROFILE_STRING":{"value":"******","origin":"System Environment Property \"FPS_BROWSER_USER_PROFILE_STRING\""},"PATHEXT":{"value":"******","origin":"System Environment Property \"PATHEXT\""},"DriverData":{"value":"******","origin":"System Environment Property \"DriverData\""},"IntelliJ IDEA Community Edition":{"value":"******","origin":"System Environment Property \"IntelliJ IDEA Community Edition\""},"PYTHONHOME":{"value":"******","origin":"System Environment Property \"PYTHONHOME\""},"ORIGINAL_TMP":{"value":"******","origin":"System Environment Property \"ORIGINAL_TMP\""},"PyCharm Community Edition":{"value":"******","origin":"System Environment Property \"PyCharm Community Edition\""},"HOMEPATH":{"value":"******","origin":"System Environment Property \"HOMEPATH\""},"PROCESSOR_IDENTIFIER":{"value":"******","origin":"System Environment Property \"PROCESSOR_IDENTIFIER\""},"PUBLIC":{"value":"******","origin":"System Environment Property \"PUBLIC\""},"VS160COMCOMNTOOLS":{"value":"******","origin":"System Environment Property \"VS160COMCOMNTOOLS\""},"LC_CTYPE":{"value":"******","origin":"System Environment Property \"LC_CTYPE\""},"=::":{"value":"******","origin":"System Environment Property \"=::\""},"EXEPATH":{"value":"******","origin":"System Environment Property \"EXEPATH\""},"SHLVL":{"value":"******","origin":"System Environment Property \"SHLVL\""},"ZES_ENABLE_SYSMAN":{"value":"******","origin":"System Environment Property \"ZES_ENABLE_SYSMAN\""},"OPENSSL_CONF":{"value":"******","origin":"System Environment Property \"OPENSSL_CONF\""},"ORIGINAL_PATH":{"value":"******","origin":"System Environment Property \"ORIGINAL_PATH\""},"IntelliJ IDEA":{"value":"******","origin":"System Environment Property \"IntelliJ IDEA\""},"FPS_BROWSER_APP_PROFILE_STRING":{"value":"******","origin":"System Environment Property \"FPS_BROWSER_APP_PROFILE_STRING\""},"JAVA_HOME":{"value":"******","origin":"System Environment Property \"JAVA_HOME\""},"DataGrip":{"value":"******","origin":"System Environment Property \"DataGrip\""},"TERM":{"value":"******","origin":"System Environment Property \"TERM\""},"GRADLE_HOME":{"value":"******","origin":"System Environment Property \"GRADLE_HOME\""},"asl.log":{"value":"******","origin":"System Environment Property \"asl.log\""},"MSYSTEM":{"value":"******","origin":"System Environment Property \"MSYSTEM\""},"OneDrive":{"value":"******","origin":"System Environment Property \"OneDrive\""},"APPDATA":{"value":"******","origin":"System Environment Property \"APPDATA\""},"ChocolateyInstall":{"value":"******","origin":"System Environment Property \"ChocolateyInstall\""},"OPENSHIFT_ORACLE_DB_PASSWORD":{"value":"******","origin":"System Environment Property \"OPENSHIFT_ORACLE_DB_PASSWORD\""},"_":{"value":"******","origin":"System Environment Property \"_\""},"POSTGRES_PW":{"value":"******","origin":"System Environment Property \"POSTGRES_PW\""},"MSYS":{"value":"******","origin":"System Environment Property \"MSYS\""},"TERM_PROGRAM":{"value":"******","origin":"System Environment Property \"TERM_PROGRAM\""},"COMPUTERNAME":{"value":"******","origin":"System Environment Property \"COMPUTERNAME\""},"ELASTIC_PASSWORD":{"value":"******","origin":"System Environment Property \"ELASTIC_PASSWORD\""},"ACLOCAL_PATH":{"value":"******","origin":"System Environment Property \"ACLOCAL_PATH\""},"googleMapAPIKey":{"value":"******","origin":"System Environment Property \"googleMapAPIKey\""},"MSYSTEM_CARCH":{"value":"******","origin":"System Environment Property \"MSYSTEM_CARCH\""},"HOMEDRIVE":{"value":"******","origin":"System Environment Property \"HOMEDRIVE\""},"NYT_API":{"value":"******","origin":"System Environment Property \"NYT_API\""},"NUMBER_OF_PROCESSORS":{"value":"******","origin":"System Environment Property \"NUMBER_OF_PROCESSORS\""},"PKG_CONFIG_SYSTEM_LIBRARY_PATH":{"value":"******","origin":"System Environment Property \"PKG_CONFIG_SYSTEM_LIBRARY_PATH\""},"USERDOMAIN_ROAMINGPROFILE":{"value":"******","origin":"System Environment Property \"USERDOMAIN_ROAMINGPROFILE\""},"MORALIS_API_KEY":{"value":"******","origin":"System Environment Property \"MORALIS_API_KEY\""},"MSYSTEM_PREFIX":{"value":"******","origin":"System Environment Property \"MSYSTEM_PREFIX\""},"PROCESSOR_LEVEL":{"value":"******","origin":"System Environment Property \"PROCESSOR_LEVEL\""},"SYSTEMDRIVE":{"value":"******","origin":"System Environment Property \"SYSTEMDRIVE\""},"PROCESSOR_ARCHITECTURE":{"value":"******","origin":"System Environment Property \"PROCESSOR_ARCHITECTURE\""},"MSYSTEM_CHOST":{"value":"******","origin":"System Environment Property \"MSYSTEM_CHOST\""},"PS1":{"value":"******","origin":"System Environment Property \"PS1\""},"PSModulePath":{"value":"******","origin":"System Environment Property \"PSModulePath\""},"MVN_HOME":{"value":"******","origin":"System Environment Property \"MVN_HOME\""},"DEFAULT_ADDRESS":{"value":"******","origin":"System Environment Property \"DEFAULT_ADDRESS\""},"EFC_6020":{"value":"******","origin":"System Environment Property \"EFC_6020\""},"INFOPATH":{"value":"******","origin":"System Environment Property \"INFOPATH\""},"PKG_CONFIG_SYSTEM_INCLUDE_PATH":{"value":"******","origin":"System Environment Property \"PKG_CONFIG_SYSTEM_INCLUDE_PATH\""},"PYTHONPATH":{"value":"******","origin":"System Environment Property \"PYTHONPATH\""},"SHELL":{"value":"******","origin":"System Environment Property \"SHELL\""},"OLDPWD":{"value":"******","origin":"System Environment Property \"OLDPWD\""},"TMPDIR":{"value":"******","origin":"System Environment Property \"TMPDIR\""},"WINDIR":{"value":"******","origin":"System Environment Property \"WINDIR\""},"ProgramData":{"value":"******","origin":"System Environment Property \"ProgramData\""},"ProgramW6432":{"value":"******","origin":"System Environment Property \"ProgramW6432\""},"SSH_ASKPASS":{"value":"******","origin":"System Environment Property \"SSH_ASKPASS\""},"MINGW_CHOST":{"value":"******","origin":"System Environment Property \"MINGW_CHOST\""},"LOCALAPPDATA":{"value":"******","origin":"System Environment Property \"LOCALAPPDATA\""},"ChocolateyLastPathUpdate":{"value":"******","origin":"System Environment Property \"ChocolateyLastPathUpdate\""},"MANPATH":{"value":"******","origin":"System Environment Property \"MANPATH\""},"MINGW_PACKAGE_PREFIX":{"value":"******","origin":"System Environment Property \"MINGW_PACKAGE_PREFIX\""},"USERDOMAIN":{"value":"******","origin":"System Environment Property \"USERDOMAIN\""},"LOGONSERVER":{"value":"******","origin":"System Environment Property \"LOGONSERVER\""},"ORACLE_DB_PASSWORD":{"value":"******","origin":"System Environment Property \"ORACLE_DB_PASSWORD\""},"PLINK_PROTOCOL":{"value":"******","origin":"System Environment Property \"PLINK_PROTOCOL\""},"MINGW_PREFIX":{"value":"******","origin":"System Environment Property \"MINGW_PREFIX\""},"DISPLAY":{"value":"******","origin":"System Environment Property \"DISPLAY\""},"nasaAPIKey":{"value":"******","origin":"System Environment Property \"nasaAPIKey\""},"SYSTEMROOT":{"value":"******","origin":"System Environment Property \"SYSTEMROOT\""},"NVM_DIR":{"value":"******","origin":"System Environment Property \"NVM_DIR\""},"OS":{"value":"******","origin":"System Environment Property \"OS\""},"COMMONPROGRAMFILES":{"value":"******","origin":"System Environment Property \"COMMONPROGRAMFILES\""},"COMSPEC":{"value":"******","origin":"System Environment Property \"COMSPEC\""},"PROCESSOR_REVISION":{"value":"******","origin":"System Environment Property \"PROCESSOR_REVISION\""},"CommonProgramW6432":{"value":"******","origin":"System Environment Property \"CommonProgramW6432\""},"SSH_AUTH_SOCK":{"value":"******","origin":"System Environment Property \"SSH_AUTH_SOCK\""},"TEMP":{"value":"******","origin":"System Environment Property \"TEMP\""},"HOSTNAME":{"value":"******","origin":"System Environment Property \"HOSTNAME\""},"USERPROFILE":{"value":"******","origin":"System Environment Property \"USERPROFILE\""},"TMP":{"value":"******","origin":"System Environment Property \"TMP\""},"CommonProgramFiles(x86)":{"value":"******","origin":"System Environment Property \"CommonProgramFiles(x86)\""},"OPENAI_API_KEY":{"value":"******","origin":"System Environment Property \"OPENAI_API_KEY\""},"HOME":{"value":"******","origin":"System Environment Property \"HOME\""}}},{"name":"Config resource 'class path resource [application-prod.properties]' via location 'optional:classpath:/'","properties":{"app.version":{"value":"******","origin":"class path resource [application-prod.properties] - 1:13"},"server.port":{"value":"******","origin":"class path resource [application-prod.properties] - 2:13"},"local.server.port":{"value":"******","origin":"class path resource [application-prod.properties] - 3:19"},"system.environment":{"value":"******","origin":"class path resource [application-prod.properties] - 4:20"},"security.basic.enable":{"value":"******","origin":"class path resource [application-prod.properties] - 8:24"},"security.user.name":{"value":"******","origin":"class path resource [application-prod.properties] - 9:20"},"security.user.password":{"value":"******","origin":"class path resource [application-prod.properties] - 10:24"},"spring.sql.init.continue-on-error":{"value":"******","origin":"class path resource [application-prod.properties] - 14:35"},"spring.sql.init.schema-locations":{"value":"******","origin":"class path resource [application-prod.properties] - 15:34"},"spring.sql.init.data-locations":{"value":"******","origin":"class path resource [application-prod.properties] - 16:32"},"spring.data.jpa.repositories.bootstrap-mode":{"value":"******","origin":"class path resource [application-prod.properties] - 19:45"},"spring.datasource.url":{"value":"******","origin":"class path resource [application-prod.properties] - 21:23"},"spring.datasource.username":{"value":"******","origin":"class path resource [application-prod.properties] - 22:28"},"spring.datasource.password":{"value":"******","origin":"class path resource [application-prod.properties] - 23:28"},"spring.datasource.driver-class-name":{"value":"******","origin":"class path resource [application-prod.properties] - 25:37"},"spring.jpa.database":{"value":"******","origin":"class path resource [application-prod.properties] - 27:21"},"spring.jpa.hibernate.ddl-auto":{"value":"******","origin":"class path resource [application-prod.properties] - 29:31"},"spring.jpa.properties.hibernate.dialect":{"value":"******","origin":"class path resource [application-prod.properties] - 31:41"},"spring.jpa.properties.hibernate.connection.characterEncoding":{"value":"******","origin":"class path resource [application-prod.properties] - 32:63"},"spring.jpa.properties.hibernate.connection.CharSet":{"value":"******","origin":"class path resource [application-prod.properties] - 33:53"},"spring.jpa.properties.hibernate.useUnicode":{"value":"******","origin":"class path resource [application-prod.properties] - 34:44"},"spring.jpa.properties.hibernate.show-sql":{"value":"******","origin":"class path resource [application-prod.properties] - 35:42"},"spring.jpa.properties.hibernate.format_sql":{"value":"******","origin":"class path resource [application-prod.properties] - 36:44"},"spring.jpa.properties.hibernate.jdbc.lob.non_contextual_creation":{"value":"******","origin":"class path resource [application-prod.properties] - 37:66"},"spring.jpa.properties.hibernate.session.events.log.LOG_QUERIES_SLOWER_THAN_MS":{"value":"******","origin":"class path resource [application-prod.properties] - 39:79"},"spring.jpa.properties.hibernate.generate_statistics":{"value":"******","origin":"class path resource [application-prod.properties] - 40:53"},"spring.jpa.properties.hibernate.session.events.log":{"value":"******","origin":"class path resource [application-prod.properties] - 41:52"},"spring.jpa.properties.jakarta.persistence.validation.mode":{"value":"******","origin":"class path resource [application-prod.properties] - 42:59"},"spring.jpa.properties.jakarta.persistence.sharedCache.mode":{"value":"******","origin":"class path resource [application-prod.properties] - 44:60"},"spring.jpa.properties.jakarta.persistence.cache.storeMode":{"value":"******","origin":"class path resource [application-prod.properties] - 45:59"},"spring.jpa.properties.jakarta.persistence.cache.retrieveMode":{"value":"******","origin":"class path resource [application-prod.properties] - 46:62"},"spring.h2.console.enabled":{"value":"******","origin":"class path resource [application-prod.properties] - 48:27"},"spring.flyway.enabled":{"value":"******","origin":"class path resource [application-prod.properties] - 54:23"},"management.endpoints.web.exposure.include":{"value":"******","origin":"class path resource [application-prod.properties] - 57:43"},"logging.level.org.springframework.web":{"value":"******","origin":"class path resource [application-prod.properties] - 59:39"},"logging.level.org.springframework.security":{"value":"******","origin":"class path resource [application-prod.properties] - 60:44"},"logging.level.org.springframework.security.web":{"value":"******","origin":"class path resource [application-prod.properties] - 61:48"},"logging.level.org.springframework.security.authentication":{"value":"******","origin":"class path resource [application-prod.properties] - 62:59"},"logging.level.org.springframework":{"value":"******","origin":"class path resource [application-prod.properties] - 63:35"},"logging.level.org.hibernate.cache":{"value":"******","origin":"class path resource [application-prod.properties] - 65:35"},"logging.level.org.hibernate.stat":{"value":"******","origin":"class path resource [application-prod.properties] - 66:34"},"logging.level.com.mapl.app":{"value":"******","origin":"class path resource [application-prod.properties] - 68:28"},"spring.mvc.format.date":{"value":"******","origin":"class path resource [application-prod.properties] - 71:24"},"spring.thymeleaf.cache":{"value":"******","origin":"class path resource [application-prod.properties] - 72:24"},"spring.thymeleaf.enabled":{"value":"******","origin":"class path resource [application-prod.properties] - 73:26"},"spring.mvc.view.suffix":{"value":"******","origin":"class path resource [application-prod.properties] - 74:24"},"logging.appender.console":{"value":"******","origin":"class path resource [application-prod.properties] - 80:26"},"logging.appender.console.layout":{"value":"******","origin":"class path resource [application-prod.properties] - 82:33"},"logging.appender.console.layout.pattern":{"value":"******","origin":"class path resource [application-prod.properties] - 83:41"},"app.jwt-secret":{"value":"******","origin":"class path resource [application-prod.properties] - 86:16"},"app.jwt-expiration-milliseconds":{"value":"******","origin":"class path resource [application-prod.properties] - 87:33"}}},{"name":"Config resource 'class path resource [application.properties]' via location 'optional:classpath:/'","properties":{"app.version":{"value":"******","origin":"class path resource [application.properties] - 1:13"},"server.port":{"value":"******","origin":"class path resource [application.properties] - 2:13"},"local.server.port":{"value":"******","origin":"class path resource [application.properties] - 3:19"},"spring.profiles.active":{"value":"******","origin":"class path resource [application.properties] - 4:24"},"spring.application.name":{"value":"******","origin":"class path resource [application.properties] - 6:25"},"spring.data.rest.base-path":{"value":"******","origin":"class path resource [application.properties] - 7:28"},"security.basic.enable":{"value":"******","origin":"class path resource [application.properties] - 9:23"},"security.user.name":{"value":"******","origin":"class path resource [application.properties] - 10:20"},"security.user.password":{"value":"******","origin":"class path resource [application.properties] - 11:24"},"management.endpoints.web.exposure.include":{"value":"******","origin":"class path resource [application.properties] - 56:43"},"management.info.env.enabled":{"value":"******","origin":"class path resource [application.properties] - 57:29"},"management.endpoint.health.show-details":{"value":"******","origin":"class path resource [application.properties] - 58:41"},"management.endpoint.shutdown.enabled":{"value":"******","origin":"class path resource [application.properties] - 59:38"},"logging.level.org.springframework.web":{"value":"******","origin":"class path resource [application.properties] - 61:39"},"logging.level.org.springframework.security":{"value":"******","origin":"class path resource [application.properties] - 62:44"},"logging.level.org.springframework.security.web":{"value":"******","origin":"class path resource [application.properties] - 63:48"},"logging.level.org.springframework.security.authentication":{"value":"******","origin":"class path resource [application.properties] - 64:59"},"logging.level.org.springframework":{"value":"******","origin":"class path resource [application.properties] - 65:35"},"logging.level.org.hibernate.cache":{"value":"******","origin":"class path resource [application.properties] - 67:35"},"logging.level.org.hibernate.stat":{"value":"******","origin":"class path resource [application.properties] - 68:34"},"logging.level.com.mapl.app":{"value":"******","origin":"class path resource [application.properties] - 70:28"},"logging.appender.console":{"value":"******","origin":"class path resource [application.properties] - 72:26"},"logging.appender.console.layout":{"value":"******","origin":"class path resource [application.properties] - 74:33"},"logging.appender.console.layout.pattern":{"value":"******","origin":"class path resource [application.properties] - 75:41"},"spring.mvc.view.suffix":{"value":"******","origin":"class path resource [application.properties] - 78:24"},"spring.mvc.format.date":{"value":"******","origin":"class path resource [application.properties] - 80:24"},"spring.thymeleaf.cache":{"value":"******","origin":"class path resource [application.properties] - 81:24"},"spring.thymeleaf.enabled":{"value":"******","origin":"class path resource [application.properties] - 82:26"},"currency-service.url":{"value":"******","origin":"class path resource [application.properties] - 95:22"},"currency-service.username":{"value":"******","origin":"class path resource [application.properties] - 96:27"},"currency-service.key":{"value":"******","origin":"class path resource [application.properties] - 97:22"},"app.jwt-secret":{"value":"******","origin":"class path resource [application.properties] - 102:16"},"app.jwt-expiration-milliseconds":{"value":"******","origin":"class path resource [application.properties] - 103:33"},"info.app.name":{"value":"******","origin":"class path resource [application.properties] - 140:15"},"info.app.description":{"value":"******","origin":"class path resource [application.properties] - 141:22"},"info.app.version":{"value":"******","origin":"class path resource [application.properties] - 142:18"}}}]}
21:14:57.131 [main] INFO  com.intuit.karate - [print] null 
21:14:57.139 [main] DEBUG com.intuit.karate - request:
1 > GET http://localhost:8080/actuator/metrics
1 > Host: localhost:8080
1 > Connection: Keep-Alive
1 > User-Agent: Apache-HttpClient/4.5.13 (Java/17.0.9)
1 > Accept-Encoding: gzip,deflate


21:14:57.151 [main] DEBUG com.intuit.karate - response time in milliseconds: 12
1 < 200
1 < X-Content-Type-Options: nosniff
1 < X-XSS-Protection: 0
1 < Cache-Control: no-cache, no-store, max-age=0, must-revalidate
1 < Pragma: no-cache
1 < Expires: 0
1 < X-Frame-Options: SAMEORIGIN
1 < Content-Type: application/vnd.spring-boot.actuator.v3+json
1 < Transfer-Encoding: chunked
1 < Date: Sat, 09 Dec 2023 02:14:56 GMT
1 < Keep-Alive: timeout=60
1 < Connection: keep-alive
{"names":["application.ready.time","application.started.time","disk.free","disk.total","executor.active","executor.completed","executor.pool.core","executor.pool.max","executor.pool.size","executor.queue.remaining","executor.queued","hikaricp.connections","hikaricp.connections.acquire","hikaricp.connections.active","hikaricp.connections.creation","hikaricp.connections.idle","hikaricp.connections.max","hikaricp.connections.min","hikaricp.connections.pending","hikaricp.connections.timeout","hikaricp.connections.usage","http.server.requests","http.server.requests.active","jdbc.connections.active","jdbc.connections.idle","jdbc.connections.max","jdbc.connections.min","jvm.buffer.count","jvm.buffer.memory.used","jvm.buffer.total.capacity","jvm.classes.loaded","jvm.classes.unloaded","jvm.compilation.time","jvm.gc.live.data.size","jvm.gc.max.data.size","jvm.gc.memory.allocated","jvm.gc.memory.promoted","jvm.gc.overhead","jvm.gc.pause","jvm.info","jvm.memory.committed","jvm.memory.max","jvm.memory.usage.after.gc","jvm.memory.used","jvm.threads.daemon","jvm.threads.live","jvm.threads.peak","jvm.threads.states","logback.events","process.cpu.usage","process.start.time","process.uptime","spring.data.repository.invocations","spring.security.authorizations","spring.security.authorizations.active","spring.security.filterchains","spring.security.filterchains.AnonymousAuthenticationFilter after","spring.security.filterchains.AnonymousAuthenticationFilter before","spring.security.filterchains.AuthorizationFilter after","spring.security.filterchains.AuthorizationFilter before","spring.security.filterchains.DisableEncodeUrlFilter after","spring.security.filterchains.DisableEncodeUrlFilter before","spring.security.filterchains.ExceptionTranslationFilter after","spring.security.filterchains.ExceptionTranslationFilter before","spring.security.filterchains.HeaderWriterFilter after","spring.security.filterchains.HeaderWriterFilter before","spring.security.filterchains.JwtAuthenticationFilter after","spring.security.filterchains.JwtAuthenticationFilter before","spring.security.filterchains.LogoutFilter after","spring.security.filterchains.LogoutFilter before","spring.security.filterchains.RequestCacheAwareFilter after","spring.security.filterchains.RequestCacheAwareFilter before","spring.security.filterchains.SecurityContextHolderAwareRequestFilter after","spring.security.filterchains.SecurityContextHolderAwareRequestFilter before","spring.security.filterchains.SecurityContextHolderFilter after","spring.security.filterchains.SecurityContextHolderFilter before","spring.security.filterchains.SessionManagementFilter after","spring.security.filterchains.SessionManagementFilter before","spring.security.filterchains.WebAsyncManagerIntegrationFilter after","spring.security.filterchains.WebAsyncManagerIntegrationFilter before","spring.security.filterchains.active","spring.security.http.secured.requests","spring.security.http.secured.requests.active","system.cpu.count","system.cpu.usage","tomcat.sessions.active.current","tomcat.sessions.active.max","tomcat.sessions.alive.max","tomcat.sessions.created","tomcat.sessions.expired","tomcat.sessions.rejected"]}
21:14:57.157 [main] INFO  com.intuit.karate - [print] null 
21:14:57.162 [main] DEBUG com.intuit.karate - request:
1 > GET http://localhost:8080/actuator/loggers
1 > Host: localhost:8080
1 > Connection: Keep-Alive
1 > User-Agent: Apache-HttpClient/4.5.13 (Java/17.0.9)
1 > Accept-Encoding: gzip,deflate


21:14:57.188 [main] DEBUG com.intuit.karate - response time in milliseconds: 26
1 < 200
1 < X-Content-Type-Options: nosniff
1 < X-XSS-Protection: 0
1 < Cache-Control: no-cache, no-store, max-age=0, must-revalidate
1 < Pragma: no-cache
1 < Expires: 0
1 < X-Frame-Options: SAMEORIGIN
1 < Content-Type: application/vnd.spring-boot.actuator.v3+json
1 < Transfer-Encoding: chunked
1 < Date: Sat, 09 Dec 2023 02:14:56 GMT
1 < Keep-Alive: timeout=60
1 < Connection: keep-alive
{"levels":["OFF","ERROR","WARN","INFO","DEBUG","TRACE"],"loggers":{"ROOT":{"configuredLevel":"INFO","effectiveLevel":"INFO"},"SQL dialect":{"effectiveLevel":"INFO"},"_org":{"effectiveLevel":"INFO"},"_org.springframework":{"effectiveLevel":"INFO"},"_org.springframework.web":{"effectiveLevel":"INFO"},"_org.springframework.web.servlet":{"effectiveLevel":"INFO"},"_org.springframework.web.servlet.HandlerMapping":{"effectiveLevel":"INFO"},"_org.springframework.web.servlet.HandlerMapping.Mappings":{"effectiveLevel":"INFO"},"com":{"effectiveLevel":"INFO"},"com.friendsofgroot":{"effectiveLevel":"INFO"},"com.friendsofgroot.app":{"effectiveLevel":"INFO"},"com.friendsofgroot.app.CliApplication":{"effectiveLevel":"INFO"},"com.friendsofgroot.app.config":{"effectiveLevel":"INFO"},"com.friendsofgroot.app.config.CurrencyConfigurationController":{"effectiveLevel":"INFO"},"com.friendsofgroot.app.config.CurrencyServiceConfiguration":{"effectiveLevel":"INFO"},"com.friendsofgroot.app.config.logger":{"effectiveLevel":"INFO"},"com.friendsofgroot.app.config.logger.ApplicationLoggerAspect":{"effectiveLevel":"INFO"},"com.friendsofgroot.app.config.logger.CliLogger":{"effectiveLevel":"INFO"},"com.friendsofgroot.app.config.security":{"effectiveLevel":"INFO"},"com.friendsofgroot.app.config.security.CustomUserDetailsService":{"effectiveLevel":"INFO"},"com.friendsofgroot.app.config.security.JwtAuthenticationEntryPoint":{"effectiveLevel":"INFO"},"com.friendsofgroot.app.config.security.JwtAuthenticationFilter":{"effectiveLevel":"INFO"},"com.friendsofgroot.app.config.security.JwtTokenProvider":{"effectiveLevel":"INFO"},"com.friendsofgroot.app.config.security.KeysController":{"effectiveLevel":"INFO"},"com.friendsofgroot.app.config.security.SecurityConfig":{"effectiveLevel":"INFO"},"com.friendsofgroot.app.controllers":{"effectiveLevel":"INFO"},"com.friendsofgroot.app.controllers.AddressesController":{"effectiveLevel":"INFO"},"com.friendsofgroot.app.controllers.ChainsController":{"effectiveLevel":"INFO"},"com.friendsofgroot.app.controllers.NftController":{"effectiveLevel":"INFO"},"com.friendsofgroot.app.controllers.UsersController":{"effectiveLevel":"INFO"},"com.friendsofgroot.app.controllers.consoles":{"effectiveLevel":"INFO"},"com.friendsofgroot.app.controllers.consoles.IndexController":{"effectiveLevel":"INFO"},"com.friendsofgroot.app.dataLoader":{"effectiveLevel":"INFO"},"com.friendsofgroot.app.dataLoader.NftConfig":{"effectiveLevel":"INFO"},"com.friendsofgroot.app.exception":{"effectiveLevel":"INFO"},"com.friendsofgroot.app.exception.GlobalExceptionHandler":{"effectiveLevel":"INFO"},"com.friendsofgroot.app.service":{"effectiveLevel":"INFO"},"com.friendsofgroot.app.service.AddressesServiceImpl":{"effectiveLevel":"INFO"},"com.friendsofgroot.app.service.AuthServiceImpl":{"effectiveLevel":"INFO"},"com.friendsofgroot.app.service.ChainCsvServiceImpl":{"effectiveLevel":"INFO"},"com.friendsofgroot.app.service.ChainsServiceImpl":{"effectiveLevel":"INFO"},"com.friendsofgroot.app.service.NftRefServiceImpl":{"effectiveLevel":"INFO"},"com.friendsofgroot.app.service.NftServiceImpl":{"effectiveLevel":"INFO"},"com.friendsofgroot.app.service.UsersServiceImpl":{"effectiveLevel":"INFO"},"com.mapl":{"effectiveLevel":"INFO"},"com.mapl.app":{"configuredLevel":"INFO","effectiveLevel":"INFO"},"com.zaxxer":{"effectiveLevel":"INFO"},"com.zaxxer.hikari":{"effectiveLevel":"INFO"},"com.zaxxer.hikari.HikariConfig":{"effectiveLevel":"INFO"},"com.zaxxer.hikari.HikariDataSource":{"effectiveLevel":"INFO"},"com.zaxxer.hikari.pool":{"effectiveLevel":"INFO"},"com.zaxxer.hikari.pool.HikariPool":{"effectiveLevel":"INFO"},"com.zaxxer.hikari.pool.PoolBase":{"effectiveLevel":"INFO"},"com.zaxxer.hikari.pool.PoolEntry":{"effectiveLevel":"INFO"},"com.zaxxer.hikari.pool.ProxyConnection":{"effectiveLevel":"INFO"},"com.zaxxer.hikari.pool.ProxyLeakTask":{"effectiveLevel":"INFO"},"com.zaxxer.hikari.util":{"effectiveLevel":"INFO"},"com.zaxxer.hikari.util.ConcurrentBag":{"effectiveLevel":"INFO"},"com.zaxxer.hikari.util.DriverDataSource":{"effectiveLevel":"INFO"},"io":{"effectiveLevel":"INFO"},"io.micrometer":{"effectiveLevel":"INFO"},"io.micrometer.common":{"effectiveLevel":"INFO"},"io.micrometer.common.util":{"effectiveLevel":"INFO"},"io.micrometer.common.util.internal":{"effectiveLevel":"INFO"},"io.micrometer.common.util.internal.logging":{"effectiveLevel":"INFO"},"io.micrometer.common.util.internal.logging.InternalLoggerFactory":{"effectiveLevel":"INFO"},"io.micrometer.core":{"effectiveLevel":"INFO"},"io.micrometer.core.instrument":{"effectiveLevel":"INFO"},"io.micrometer.core.instrument.binder":{"effectiveLevel":"INFO"},"io.micrometer.core.instrument.binder.jvm":{"effectiveLevel":"INFO"},"io.micrometer.core.instrument.binder.jvm.ExecutorServiceMetrics":{"effectiveLevel":"INFO"},"io.micrometer.core.instrument.binder.jvm.JvmGcMetrics":{"effectiveLevel":"INFO"},"io.micrometer.core.instrument.internal":{"effectiveLevel":"INFO"},"io.micrometer.core.instrument.internal.DefaultGauge":{"effectiveLevel":"INFO"},"io.swagger":{"effectiveLevel":"INFO"},"io.swagger.v3":{"effectiveLevel":"INFO"},"io.swagger.v3.core":{"effectiveLevel":"INFO"},"io.swagger.v3.core.converter":{"effectiveLevel":"INFO"},"io.swagger.v3.core.converter.ModelConverters":{"effectiveLevel":"INFO"},"io.swagger.v3.core.jackson":{"effectiveLevel":"INFO"},"io.swagger.v3.core.jackson.ModelResolver":{"effectiveLevel":"INFO"},"io.swagger.v3.core.util":{"effectiveLevel":"INFO"},"io.swagger.v3.core.util.AnnotationsUtils":{"effectiveLevel":"INFO"},"org":{"effectiveLevel":"INFO"},"org.apache":{"effectiveLevel":"INFO"},"org.apache.catalina":{"effectiveLevel":"INFO"},"org.apache.catalina.core":{"effectiveLevel":"INFO"},"org.apache.catalina.core.ContainerBase":{"effectiveLevel":"INFO"},"org.apache.catalina.core.ContainerBase.[Tomcat]":{"effectiveLevel":"INFO"},"org.apache.catalina.core.ContainerBase.[Tomcat].[localhost]":{"effectiveLevel":"INFO"},"org.apache.catalina.core.ContainerBase.[Tomcat].[localhost].[/]":{"effectiveLevel":"INFO"},"org.apache.catalina.core.StandardEngine":{"effectiveLevel":"INFO"},"org.apache.catalina.core.StandardService":{"effectiveLevel":"INFO"},"org.apache.catalina.startup":{"effectiveLevel":"INFO"},"org.apache.catalina.startup.DigesterFactory":{"configuredLevel":"ERROR","effectiveLevel":"ERROR"},"org.apache.catalina.util":{"effectiveLevel":"INFO"},"org.apache.catalina.util.LifecycleBase":{"configuredLevel":"ERROR","effectiveLevel":"ERROR"},"org.apache.coyote":{"effectiveLevel":"INFO"},"org.apache.coyote.http11":{"effectiveLevel":"INFO"},"org.apache.coyote.http11.Http11NioProtocol":{"configuredLevel":"WARN","effectiveLevel":"WARN"},"org.apache.sshd":{"effectiveLevel":"INFO"},"org.apache.sshd.common":{"effectiveLevel":"INFO"},"org.apache.sshd.common.util":{"effectiveLevel":"INFO"},"org.apache.sshd.common.util.SecurityUtils":{"configuredLevel":"WARN","effectiveLevel":"WARN"},"org.apache.tomcat":{"effectiveLevel":"INFO"},"org.apache.tomcat.util":{"effectiveLevel":"INFO"},"org.apache.tomcat.util.net":{"effectiveLevel":"INFO"},"org.apache.tomcat.util.net.NioSelectorPool":{"configuredLevel":"WARN","effectiveLevel":"WARN"},"org.eclipse":{"effectiveLevel":"INFO"},"org.eclipse.jetty":{"effectiveLevel":"INFO"},"org.eclipse.jetty.util":{"effectiveLevel":"INFO"},"org.eclipse.jetty.util.component":{"effectiveLevel":"INFO"},"org.eclipse.jetty.util.component.AbstractLifeCycle":{"configuredLevel":"ERROR","effectiveLevel":"ERROR"},"org.hibernate":{"effectiveLevel":"INFO"},"org.hibernate.HQL_FUNCTIONS":{"effectiveLevel":"INFO"},"org.hibernate.SQL":{"effectiveLevel":"INFO"},"org.hibernate.SQL_SLOW":{"effectiveLevel":"INFO"},"org.hibernate.Version":{"effectiveLevel":"INFO"},"org.hibernate.boot":{"effectiveLevel":"INFO"},"org.hibernate.boot.MetadataSources":{"effectiveLevel":"INFO"},"org.hibernate.boot.cfgxml":{"effectiveLevel":"INFO"},"org.hibernate.boot.cfgxml.internal":{"effectiveLevel":"INFO"},"org.hibernate.boot.cfgxml.internal.ConfigLoader":{"effectiveLevel":"INFO"},"org.hibernate.boot.cfgxml.spi":{"effectiveLevel":"INFO"},"org.hibernate.boot.cfgxml.spi.LoadedConfig":{"effectiveLevel":"INFO"},"org.hibernate.boot.internal":{"effectiveLevel":"INFO"},"org.hibernate.boot.internal.BootstrapContextImpl":{"effectiveLevel":"INFO"},"org.hibernate.boot.internal.ClassLoaderAccessImpl":{"effectiveLevel":"INFO"},"org.hibernate.boot.internal.IdGeneratorInterpreterImpl":{"effectiveLevel":"INFO"},"org.hibernate.boot.internal.InFlightMetadataCollectorImpl":{"effectiveLevel":"INFO"},"org.hibernate.boot.internal.MetadataBuilderImpl":{"effectiveLevel":"INFO"},"org.hibernate.boot.internal.SessionFactoryOptionsBuilder":{"effectiveLevel":"INFO"},"org.hibernate.boot.jaxb":{"effectiveLevel":"INFO"},"org.hibernate.boot.jaxb.internal":{"effectiveLevel":"INFO"},"org.hibernate.boot.jaxb.internal.AbstractBinder":{"effectiveLevel":"INFO"},"org.hibernate.boot.jaxb.internal.MappingBinder":{"effectiveLevel":"INFO"},"org.hibernate.boot.jaxb.internal.stax":{"effectiveLevel":"INFO"},"org.hibernate.boot.jaxb.internal.stax.LocalSchemaLocator":{"effectiveLevel":"INFO"},"org.hibernate.boot.jaxb.internal.stax.LocalXmlResourceResolver":{"effectiveLevel":"INFO"},"org.hibernate.boot.model":{"effectiveLevel":"INFO"},"org.hibernate.boot.model.TypeDefinitionRegistryStandardImpl":{"effectiveLevel":"INFO"},"org.hibernate.boot.model.convert":{"effectiveLevel":"INFO"},"org.hibernate.boot.model.convert.internal":{"effectiveLevel":"INFO"},"org.hibernate.boot.model.convert.internal.AttributeConverterManager":{"effectiveLevel":"INFO"},"org.hibernate.boot.model.process":{"effectiveLevel":"INFO"},"org.hibernate.boot.model.process.internal":{"effectiveLevel":"INFO"},"org.hibernate.boot.model.process.internal.ScanningCoordinator":{"effectiveLevel":"INFO"},"org.hibernate.boot.model.process.spi":{"effectiveLevel":"INFO"},"org.hibernate.boot.model.process.spi.MetadataBuildingProcess":{"effectiveLevel":"INFO"},"org.hibernate.boot.model.relational":{"effectiveLevel":"INFO"},"org.hibernate.boot.model.relational.Namespace":{"effectiveLevel":"INFO"},"org.hibernate.boot.model.source":{"effectiveLevel":"INFO"},"org.hibernate.boot.model.source.internal":{"effectiveLevel":"INFO"},"org.hibernate.boot.model.source.internal.annotations":{"effectiveLevel":"INFO"},"org.hibernate.boot.model.source.internal.annotations.AnnotationMetadataSourceProcessorImpl":{"effectiveLevel":"INFO"},"org.hibernate.boot.model.source.internal.hbm":{"effectiveLevel":"INFO"},"org.hibernate.boot.model.source.internal.hbm.EntityHierarchyBuilder":{"effectiveLevel":"INFO"},"org.hibernate.boot.model.source.internal.hbm.HbmMetadataSourceProcessorImpl":{"effectiveLevel":"INFO"},"org.hibernate.boot.model.source.internal.hbm.ModelBinder":{"effectiveLevel":"INFO"},"org.hibernate.boot.registry":{"effectiveLevel":"INFO"},"org.hibernate.boot.registry.classloading":{"effectiveLevel":"INFO"},"org.hibernate.boot.registry.classloading.internal":{"effectiveLevel":"INFO"},"org.hibernate.boot.registry.classloading.internal.AggregatedServiceLoader":{"effectiveLevel":"INFO"},"org.hibernate.boot.registry.classloading.internal.ClassLoaderServiceImpl":{"effectiveLevel":"INFO"},"org.hibernate.boot.registry.internal":{"effectiveLevel":"INFO"},"org.hibernate.boot.registry.internal.BootstrapServiceRegistryImpl":{"effectiveLevel":"INFO"},"org.hibernate.boot.registry.selector":{"effectiveLevel":"INFO"},"org.hibernate.boot.registry.selector.internal":{"effectiveLevel":"INFO"},"org.hibernate.boot.registry.selector.internal.StrategySelectorBuilder":{"effectiveLevel":"INFO"},"org.hibernate.boot.registry.selector.internal.StrategySelectorImpl":{"effectiveLevel":"INFO"},"org.hibernate.boot.spi":{"effectiveLevel":"INFO"},"org.hibernate.boot.spi.XmlMappingBinderAccess":{"effectiveLevel":"INFO"},"org.hibernate.bytecode":{"effectiveLevel":"INFO"},"org.hibernate.bytecode.internal":{"effectiveLevel":"INFO"},"org.hibernate.bytecode.internal.bytebuddy":{"effectiveLevel":"INFO"},"org.hibernate.bytecode.internal.bytebuddy.ByteBuddyState":{"effectiveLevel":"INFO"},"org.hibernate.bytecode.spi":{"effectiveLevel":"INFO"},"org.hibernate.bytecode.spi.ClassLoadingStrategyHelper":{"effectiveLevel":"INFO"},"org.hibernate.cache":{"configuredLevel":"INFO","effectiveLevel":"INFO"},"org.hibernate.cache.internal":{"effectiveLevel":"INFO"},"org.hibernate.cache.internal.CollectionCacheInvalidator":{"effectiveLevel":"INFO"},"org.hibernate.cache.internal.RegionFactoryInitiator":{"effectiveLevel":"INFO"},"org.hibernate.cache.internal.StrategyCreatorRegionFactoryImpl":{"effectiveLevel":"INFO"},"org.hibernate.cfg":{"effectiveLevel":"INFO"},"org.hibernate.cfg.AbstractPropertyHolder":{"effectiveLevel":"INFO"},"org.hibernate.cfg.AnnotatedColumn":{"effectiveLevel":"INFO"},"org.hibernate.cfg.AnnotationBinder":{"effectiveLevel":"INFO"},"org.hibernate.cfg.BinderHelper":{"effectiveLevel":"INFO"},"org.hibernate.cfg.CollectionSecondPass":{"effectiveLevel":"INFO"},"org.hibernate.cfg.Environment":{"effectiveLevel":"INFO"},"org.hibernate.cfg.PropertyContainer":{"effectiveLevel":"INFO"},"org.hibernate.cfg.annotations":{"effectiveLevel":"INFO"},"org.hibernate.cfg.annotations.BasicValueBinder":{"effectiveLevel":"INFO"},"org.hibernate.cfg.annotations.CollectionBinder":{"effectiveLevel":"INFO"},"org.hibernate.cfg.annotations.EntityBinder":{"effectiveLevel":"INFO"},"org.hibernate.cfg.annotations.PropertyBinder":{"effectiveLevel":"INFO"},"org.hibernate.cfg.annotations.QueryBinder":{"effectiveLevel":"INFO"},"org.hibernate.cfg.annotations.TableBinder":{"effectiveLevel":"INFO"},"org.hibernate.cfg.annotations.reflection":{"effectiveLevel":"INFO"},"org.hibernate.cfg.annotations.reflection.internal":{"effectiveLevel":"INFO"},"org.hibernate.cfg.annotations.reflection.internal.XMLContext":{"effectiveLevel":"INFO"},"org.hibernate.cfg.beanvalidation":{"effectiveLevel":"INFO"},"org.hibernate.cfg.beanvalidation.BeanValidationIntegrator":{"effectiveLevel":"INFO"},"org.hibernate.collection":{"effectiveLevel":"INFO"},"org.hibernate.collection.spi":{"effectiveLevel":"INFO"},"org.hibernate.collection.spi.AbstractPersistentCollection":{"effectiveLevel":"INFO"},"org.hibernate.dialect":{"effectiveLevel":"INFO"},"org.hibernate.dialect.Dialect":{"effectiveLevel":"INFO"},"org.hibernate.dialect.OracleArrayJdbcType":{"effectiveLevel":"INFO"},"org.hibernate.dialect.temptable":{"effectiveLevel":"INFO"},"org.hibernate.dialect.temptable.TemporaryTable":{"effectiveLevel":"INFO"},"org.hibernate.dialect.temptable.TemporaryTableHelper":{"effectiveLevel":"INFO"},"org.hibernate.engine":{"effectiveLevel":"INFO"},"org.hibernate.engine.config":{"effectiveLevel":"INFO"},"org.hibernate.engine.config.internal":{"effectiveLevel":"INFO"},"org.hibernate.engine.config.internal.ConfigurationServiceImpl":{"effectiveLevel":"INFO"},"org.hibernate.engine.internal":{"effectiveLevel":"INFO"},"org.hibernate.engine.internal.EntityEntryContext":{"effectiveLevel":"INFO"},"org.hibernate.engine.internal.StatefulPersistenceContext":{"effectiveLevel":"INFO"},"org.hibernate.engine.jdbc":{"effectiveLevel":"INFO"},"org.hibernate.engine.jdbc.connections":{"effectiveLevel":"INFO"},"org.hibernate.engine.jdbc.connections.internal":{"effectiveLevel":"INFO"},"org.hibernate.engine.jdbc.connections.internal.ConnectionProviderInitiator":{"effectiveLevel":"INFO"},"org.hibernate.engine.jdbc.connections.internal.MultiTenantConnectionProviderInitiator":{"effectiveLevel":"INFO"},"org.hibernate.engine.jdbc.dialect":{"effectiveLevel":"INFO"},"org.hibernate.engine.jdbc.dialect.internal":{"effectiveLevel":"INFO"},"org.hibernate.engine.jdbc.dialect.internal.DialectResolverSet":{"effectiveLevel":"INFO"},"org.hibernate.engine.jdbc.env":{"effectiveLevel":"INFO"},"org.hibernate.engine.jdbc.env.internal":{"effectiveLevel":"INFO"},"org.hibernate.engine.jdbc.env.internal.JdbcEnvironmentImpl":{"effectiveLevel":"INFO"},"org.hibernate.engine.jdbc.env.internal.JdbcEnvironmentInitiator":{"effectiveLevel":"INFO"},"org.hibernate.engine.jdbc.env.internal.LobCreatorBuilderImpl":{"effectiveLevel":"INFO"},"org.hibernate.engine.jdbc.env.internal.NormalizingIdentifierHelperImpl":{"effectiveLevel":"INFO"},"org.hibernate.engine.jdbc.env.spi":{"effectiveLevel":"INFO"},"org.hibernate.engine.jdbc.env.spi.IdentifierHelperBuilder":{"effectiveLevel":"INFO"},"org.hibernate.engine.jdbc.internal":{"effectiveLevel":"INFO"},"org.hibernate.engine.jdbc.internal.JdbcCoordinatorImpl":{"effectiveLevel":"INFO"},"org.hibernate.engine.jdbc.spi":{"effectiveLevel":"INFO"},"org.hibernate.engine.jdbc.spi.SqlExceptionHelper":{"effectiveLevel":"INFO"},"org.hibernate.engine.jndi":{"effectiveLevel":"INFO"},"org.hibernate.engine.jndi.internal":{"effectiveLevel":"INFO"},"org.hibernate.engine.jndi.internal.JndiServiceImpl":{"effectiveLevel":"INFO"},"org.hibernate.engine.spi":{"effectiveLevel":"INFO"},"org.hibernate.engine.spi.ActionQueue":{"effectiveLevel":"INFO"},"org.hibernate.engine.spi.BatchFetchQueue":{"effectiveLevel":"INFO"},"org.hibernate.engine.spi.CascadeStyles":{"effectiveLevel":"INFO"},"org.hibernate.engine.spi.CollectionEntry":{"effectiveLevel":"INFO"},"org.hibernate.engine.spi.EffectiveEntityGraph":{"effectiveLevel":"INFO"},"org.hibernate.engine.spi.IdentifierValue":{"effectiveLevel":"INFO"},"org.hibernate.engine.transaction":{"effectiveLevel":"INFO"},"org.hibernate.engine.transaction.internal":{"effectiveLevel":"INFO"},"org.hibernate.engine.transaction.internal.TransactionImpl":{"effectiveLevel":"INFO"},"org.hibernate.engine.transaction.jta":{"effectiveLevel":"INFO"},"org.hibern
[...]
21:14:57.195 [main] INFO  com.intuit.karate - [print] null 
---------------------------------------------------------
feature: classpath:karate/springActuator/springActuator.feature
scenarios:  5 | passed:  5 | failed:  0 | time: 0.1607
---------------------------------------------------------

21:14:57.329 [main] INFO  com.intuit.karate.Suite - <<pass>> feature 6 of 9 (0 remaining) classpath:karate/springActuator/springActuator.feature
21:14:57.336 [main] DEBUG com.intuit.karate - request:
1 > GET http://localhost:8080/rest/user_account
1 > Host: localhost:8080
1 > Connection: Keep-Alive
1 > User-Agent: Apache-HttpClient/4.5.13 (Java/17.0.9)
1 > Accept-Encoding: gzip,deflate


21:14:57.507 [main] DEBUG com.intuit.karate - response time in milliseconds: 171
1 < 200
1 < Vary: Origin
1 < Vary: Access-Control-Request-Method
1 < Vary: Access-Control-Request-Headers
1 < X-Content-Type-Options: nosniff
1 < X-XSS-Protection: 0
1 < Cache-Control: no-cache, no-store, max-age=0, must-revalidate
1 < Pragma: no-cache
1 < Expires: 0
1 < X-Frame-Options: SAMEORIGIN
1 < Content-Type: application/hal+json
1 < Transfer-Encoding: chunked
1 < Date: Sat, 09 Dec 2023 02:14:56 GMT
1 < Keep-Alive: timeout=60
1 < Connection: keep-alive
{
  "_embedded" : {
    "user_account" : [ ]
  },
  "_links" : {
    "self" : {
      "href" : "http://localhost:8080/rest/user_account"
    },
    "profile" : {
      "href" : "http://localhost:8080/rest/profile/user_account"
    },
    "search" : {
      "href" : "http://localhost:8080/rest/user_account/search"
    }
  },
  "page" : {
    "size" : 20,
    "totalElements" : 0,
    "totalPages" : 0,
    "number" : 0
  }
}
21:14:57.508 [main] INFO  com.intuit.karate - [print] null 
---------------------------------------------------------
feature: classpath:karate/springRest/springRest.feature
scenarios:  1 | passed:  1 | failed:  0 | time: 0.1750
---------------------------------------------------------

21:14:57.543 [main] INFO  com.intuit.karate.Suite - <<pass>> feature 7 of 9 (0 remaining) classpath:karate/springRest/springRest.feature
21:14:57.550 [main] DEBUG com.intuit.karate - request:
1 > GET http://localhost:8080/api/users
1 > Host: localhost:8080
1 > Connection: Keep-Alive
1 > User-Agent: Apache-HttpClient/4.5.13 (Java/17.0.9)
1 > Accept-Encoding: gzip,deflate


21:14:57.829 [main] DEBUG com.intuit.karate - response time in milliseconds: 279
1 < 200
1 < Vary: Origin
1 < Vary: Access-Control-Request-Method
1 < Vary: Access-Control-Request-Headers
1 < X-Content-Type-Options: nosniff
1 < X-XSS-Protection: 0
1 < Cache-Control: no-cache, no-store, max-age=0, must-revalidate
1 < Pragma: no-cache
1 < Expires: 0
1 < X-Frame-Options: SAMEORIGIN
1 < Content-Type: application/json
1 < Transfer-Encoding: chunked
1 < Date: Sat, 09 Dec 2023 02:14:57 GMT
1 < Keep-Alive: timeout=60
1 < Connection: keep-alive
[{"userId":211,"username":"Tom1@gmail.com","password":"$2a$10$I7m.Qj.5UwBlL2uiVQqyI.pyNbVFMpeD/H81OvFxV5BRiz8FHcShy","lastName":"Smith","firstName":"Tom1","userType":3,"phone":"5055087707","email":"Tom1@gmail.com","cusUrl":"https://doggywood-veterinary.s3.amazonaws.com/assets/Animals/random_a1.jpg","photoPath":"photoPath","isActive":0,"contactType":1,"roles":[{"id":2,"name":"ROLE_ADMIN"}]},{"userId":212,"username":"user31@gmail.com","password":"$2a$10$lCq.Iea1zFOt7lFMB1eoQuqQr6tihZB78SnEee1oSfrt107TSge0m","lastName":"Maestas","firstName":"Tom2","userType":3,"phone":"5055087707","email":"Tom2@gmail.com","cusUrl":"https://doggywood-veterinary.s3.amazonaws.com/assets/Animals/random_a2.jpg","photoPath":"photoPath","isActive":0,"contactType":1,"roles":[{"id":2,"name":"ROLE_ADMIN"}]},{"userId":213,"username":"Tom3@gmail.com","password":"$2a$10$lCq.Iea1zFOt7lFMB1eoQuqQr6tihZB78SnEee1oSfrt107TSge0m","lastName":"Smith","firstName":"Tom3","userType":3,"phone":"5055087707","email":"Tom3@gmail.com","cusUrl":"https://doggywood-veterinary.s3.amazonaws.com/assets/Animals/random_a3.jpg","photoPath":"photoPath","isActive":0,"contactType":1,"roles":[{"id":2,"name":"ROLE_ADMIN"}]},{"userId":214,"username":"Tom4@gmail.com","password":"$2a$10$lCq.Iea1zFOt7lFMB1eoQuqQr6tihZB78SnEee1oSfrt107TSge0m","lastName":"Smith","firstName":"Tom4","userType":0,"phone":"5055087707","email":"Tom4@gmail.com","cusUrl":"https://doggywood-veterinary.s3.amazonaws.com/assets/Animals/random_a4.jpg","photoPath":"photoPath","isActive":0,"contactType":0,"roles":[{"id":2,"name":"ROLE_ADMIN"}]},{"userId":215,"username":"Tom5@gmail.com","password":"$2a$10$lCq.Iea1zFOt7lFMB1eoQuqQr6tihZB78SnEee1oSfrt107TSge0m","lastName":"Smith","firstName":"Tom5","userType":3,"phone":"5055087707","email":"Tom5@gmail.com","cusUrl":"https://doggywood-veterinary.s3.amazonaws.com/assets/Animals/random_a6.jpg","photoPath":"photoPath","isActive":0,"contactType":1,"roles":[{"id":1,"name":"ROLE_USER"}]},{"userId":216,"username":"tom7@gmail.com","password":"$2a$10$lCq.Iea1zFOt7lFMB1eoQuqQr6tihZB78SnEee1oSfrt107TSge0m","lastName":"maestas","firstName":"tom7","userType":4,"phone":"999-999-9999","email":"tom7@gmail.com","cusUrl":"https://doggywood-veterinary.s3.amazonaws.com/assets/Animals/random_a8.jpg","photoPath":"photoPath","isActive":0,"contactType":1,"roles":[{"id":1,"name":"ROLE_USER"}]},{"userId":217,"username":"Tom8@gmail.com","password":"$2a$10$lCq.Iea1zFOt7lFMB1eoQuqQr6tihZB78SnEee1oSfrt107TSge0m","lastName":"Smith","firstName":"Tom8","userType":3,"phone":"5055087707","email":"Tom8@gmail.com","cusUrl":"https://doggywood-veterinary.s3.amazonaws.com/assets/Animals/random_a8.jpg","photoPath":"photoPath","isActive":0,"contactType":1,"roles":[{"id":1,"name":"ROLE_USER"}]},{"userId":218,"username":"thomas.maestas@hotmail.com","password":"$2a$10$I7m.Qj.5UwBlL2uiVQqyI.pyNbVFMpeD/H81OvFxV5BRiz8FHcShy","lastName":"Maestas","firstName":"thomas","userType":0,"phone":"5055087707","email":"thomas.maestas@hotmail.com","cusUrl":"https://doggywood-veterinary.s3.amazonaws.com/assets/Animals/random_a8.jpg","photoPath":"photoPath","isActive":0,"contactType":0,"roles":[{"id":1,"name":"ROLE_USER"}]},{"userId":219,"username":"thomasm1.maestas@gmail.com","password":"$2a$10$I7m.Qj.5UwBlL2uiVQqyI.pyNbVFMpeD/H81OvFxV5BRiz8FHcShy","lastName":"Maestas","firstName":"thomasm1","userType":3,"phone":"5055087707","email":"thomasm1.maestas@gmail.com","cusUrl":"https://doggywood-veterinary.s3.amazonaws.com/assets/Animals/random_a8.jpg","photoPath":"photoPath","isActive":0,"contactType":1,"roles":[{"id":1,"name":"ROLE_USER"}]}]
21:14:57.832 [main] DEBUG com.intuit.karate - request:
2 > GET http://localhost:8080/api/users/211
2 > Host: localhost:8080
2 > Connection: Keep-Alive
2 > User-Agent: Apache-HttpClient/4.5.13 (Java/17.0.9)
2 > Accept-Encoding: gzip,deflate


21:14:57.887 [main] DEBUG com.intuit.karate - response time in milliseconds: 55
2 < 200
2 < Vary: Origin
2 < Vary: Access-Control-Request-Method
2 < Vary: Access-Control-Request-Headers
2 < X-Content-Type-Options: nosniff
2 < X-XSS-Protection: 0
2 < Cache-Control: no-cache, no-store, max-age=0, must-revalidate
2 < Pragma: no-cache
2 < Expires: 0
2 < X-Frame-Options: SAMEORIGIN
2 < Content-Type: application/json
2 < Transfer-Encoding: chunked
2 < Date: Sat, 09 Dec 2023 02:14:57 GMT
2 < Keep-Alive: timeout=60
2 < Connection: keep-alive
{"userId":211,"username":"Tom1@gmail.com","password":"$2a$10$I7m.Qj.5UwBlL2uiVQqyI.pyNbVFMpeD/H81OvFxV5BRiz8FHcShy","lastName":"Smith","firstName":"Tom1","userType":3,"phone":"5055087707","email":"Tom1@gmail.com","cusUrl":"https://doggywood-veterinary.s3.amazonaws.com/assets/Animals/random_a1.jpg","photoPath":"photoPath","isActive":0,"contactType":1,"roles":[{"id":2,"name":"ROLE_ADMIN"}]}
21:14:57.897 [main] INFO  com.intuit.karate - [print] _______________________ID____:user226@gmail.com 
21:14:57.940 [main] DEBUG com.intuit.karate - request:
1 > POST http://localhost:8080/api/users
1 > Content-Type: application/json; charset=UTF-8
1 > Content-Length: 423
1 > Host: localhost:8080
1 > Connection: Keep-Alive
1 > User-Agent: Apache-HttpClient/4.5.13 (Java/17.0.9)
1 > Accept-Encoding: gzip,deflate
{"username":"user226@gmail.com","password":"$2a$10$j\/BATcerSAuRXltl7ee5feXlpmHTJgtaAAhNB.eRxuFz2qjuyv5w6","lastName":"Smith","firstName":"Tom1","userType":3,"phone":"5051231234","email":"user226@gmail.com","cusUrl":"https:\/\/doggywood-veterinary.s3.amazonaws.com\/assets\/Animals\/random_a1.jpg","photoPath":"www.photo-226.fancyPhotos.com\/photos\/226","isActive":0,"contactType":1,"roles":[{"id":2,"name":"ROLE_ADMIN"}]}

21:14:58.189 [main] DEBUG com.intuit.karate - response time in milliseconds: 249
1 < 200
1 < Vary: Origin
1 < Vary: Access-Control-Request-Method
1 < Vary: Access-Control-Request-Headers
1 < Cache-Control: no-store
1 < X-Content-Type-Options: nosniff
1 < X-XSS-Protection: 0
1 < X-Frame-Options: SAMEORIGIN
1 < Content-Length: 0
1 < Date: Sat, 09 Dec 2023 02:14:57 GMT
1 < Keep-Alive: timeout=60
1 < Connection: keep-alive

21:14:58.191 [main] INFO  com.intuit.karate - [print] created id is:  null 
21:14:58.194 [main] INFO  com.intuit.karate - [print] user is:  null 
21:14:58.195 [main] DEBUG com.intuit.karate - request:
2 > GET http://localhost:8080/api/users/null
2 > Host: localhost:8080
2 > Connection: Keep-Alive
2 > User-Agent: Apache-HttpClient/4.5.13 (Java/17.0.9)
2 > Accept-Encoding: gzip,deflate


21:14:58.209 [main] DEBUG com.intuit.karate - response time in milliseconds: 14
2 < 400
2 < Vary: Origin
2 < Vary: Access-Control-Request-Method
2 < Vary: Access-Control-Request-Headers
2 < X-Content-Type-Options: nosniff
2 < X-XSS-Protection: 0
2 < Cache-Control: no-cache, no-store, max-age=0, must-revalidate
2 < Pragma: no-cache
2 < Expires: 0
2 < X-Frame-Options: SAMEORIGIN
2 < Content-Type: application/problem+json
2 < Transfer-Encoding: chunked
2 < Date: Sat, 09 Dec 2023 02:14:57 GMT
2 < Connection: close
{"type":"about:blank","title":"Bad Request","status":400,"detail":"Failed to convert 'null' with value: 'null'","instance":"/api/users/null"}
21:14:58.210 [main] ERROR com.intuit.karate - classpath:karate/users/users.feature:64
Then status 200
status code was: 400, expected: 200, response time in milliseconds: 14, url: http://localhost:8080/api/users/null, response: 
{"type":"about:blank","title":"Bad Request","status":400,"detail":"Failed to convert 'null' with value: 'null'","instance":"/api/users/null"}
classpath:karate/users/users.feature:64
21:14:58.215 [main] INFO  com.intuit.karate - [print] _______________________ID____user14@gmail.com 
21:14:58.217 [main] DEBUG com.intuit.karate - request:
1 > PUT http://localhost:8080/api/users/212
1 > Content-Type: application/json; charset=UTF-8
1 > Content-Length: 420
1 > Host: localhost:8080
1 > Connection: Keep-Alive
1 > User-Agent: Apache-HttpClient/4.5.13 (Java/17.0.9)
1 > Accept-Encoding: gzip,deflate
{"username":"user14@gmail.com","password":"$2a$10$j\/BATcerSAuRXltl7ee5feXlpmHTJgtaAAhNB.eRxuFz2qjuyv5w6","lastName":"Maestas","firstName":"Tom2","userType":3,"phone":"5055087707","email":"user14@gmail.com","cusUrl":"https:\/\/doggywood-veterinary.s3.amazonaws.com\/assets\/Animals\/random_a2.jpg","photoPath":"www.photo-14.fancyPhotos.com\/photos\/14","isActive":0,"contactType":1,"roles":[{"id":1,"name":"ROLE_USER"}]}

21:14:58.336 [main] DEBUG com.intuit.karate - response time in milliseconds: 119
1 < 201
1 < Vary: Origin
1 < Vary: Access-Control-Request-Method
1 < Vary: Access-Control-Request-Headers
1 < X-Content-Type-Options: nosniff
1 < X-XSS-Protection: 0
1 < Cache-Control: no-cache, no-store, max-age=0, must-revalidate
1 < Pragma: no-cache
1 < Expires: 0
1 < X-Frame-Options: SAMEORIGIN
1 < Content-Type: application/json
1 < Transfer-Encoding: chunked
1 < Date: Sat, 09 Dec 2023 02:14:57 GMT
1 < Keep-Alive: timeout=60
1 < Connection: keep-alive
{"userId":212,"username":"user14@gmail.com","password":"$2a$10$lCq.Iea1zFOt7lFMB1eoQuqQr6tihZB78SnEee1oSfrt107TSge0m","lastName":"Maestas","firstName":"Tom2","userType":3,"phone":"5055087707","email":"Tom2@gmail.com","cusUrl":"https://doggywood-veterinary.s3.amazonaws.com/assets/Animals/random_a2.jpg","photoPath":"photoPath","isActive":0,"contactType":1,"roles":[{"id":2,"name":"ROLE_ADMIN"}]}
21:14:58.338 [main] DEBUG c.intuit.karate.core.ScenarioEngine - over-writing existing variable 'photoPath' with new value: resp.photoPath
21:14:58.340 [main] INFO  com.intuit.karate - [print] updated   resp.userId]_________:  212 
21:14:58.340 [main] INFO  com.intuit.karate - [print] updated  email is [STILL]_________:  Tom2@gmail.com 
21:14:58.340 [main] INFO  com.intuit.karate - [print] updated  username is [STILL]_________:  user14@gmail.com 
21:14:58.341 [main] INFO  com.intuit.karate - [print] user is:  212 
21:14:58.342 [main] DEBUG com.intuit.karate - request:
2 > GET http://localhost:8080/api/users/212
2 > Host: localhost:8080
2 > Connection: Keep-Alive
2 > User-Agent: Apache-HttpClient/4.5.13 (Java/17.0.9)
2 > Accept-Encoding: gzip,deflate


21:14:58.398 [main] DEBUG com.intuit.karate - response time in milliseconds: 56
2 < 200
2 < Vary: Origin
2 < Vary: Access-Control-Request-Method
2 < Vary: Access-Control-Request-Headers
2 < X-Content-Type-Options: nosniff
2 < X-XSS-Protection: 0
2 < Cache-Control: no-cache, no-store, max-age=0, must-revalidate
2 < Pragma: no-cache
2 < Expires: 0
2 < X-Frame-Options: SAMEORIGIN
2 < Content-Type: application/json
2 < Transfer-Encoding: chunked
2 < Date: Sat, 09 Dec 2023 02:14:57 GMT
2 < Keep-Alive: timeout=60
2 < Connection: keep-alive
{"userId":212,"username":"user14@gmail.com","password":"$2a$10$lCq.Iea1zFOt7lFMB1eoQuqQr6tihZB78SnEee1oSfrt107TSge0m","lastName":"Maestas","firstName":"Tom2","userType":3,"phone":"5055087707","email":"Tom2@gmail.com","cusUrl":"https://doggywood-veterinary.s3.amazonaws.com/assets/Animals/random_a2.jpg","photoPath":"photoPath","isActive":0,"contactType":1,"roles":[{"id":2,"name":"ROLE_ADMIN"}]}
21:14:58.413 [main] ERROR com.intuit.karate - classpath:karate/users/users.feature:134
And match response contains user
match failed: CONTAINS
  $ | actual does not contain expected | all key-values did not match, expected has un-matched keys - [password, roles] (MAP:MAP)
  {"userId":212,"username":"user14@gmail.com","password":"$2a$10$lCq.Iea1zFOt7lFMB1eoQuqQr6tihZB78SnEee1oSfrt107TSge0m","lastName":"Maestas","firstName":"Tom2","userType":3,"phone":"5055087707","email":"Tom2@gmail.com","cusUrl":"https://doggywood-veterinary.s3.amazonaws.com/assets/Animals/random_a2.jpg","photoPath":"photoPath","isActive":0,"contactType":1,"roles":[{"id":2,"name":"ROLE_ADMIN"}]}
  {"username":"user14@gmail.com","password":"$2a$10$j/BATcerSAuRXltl7ee5feXlpmHTJgtaAAhNB.eRxuFz2qjuyv5w6","lastName":"Maestas","firstName":"Tom2","userType":3,"phone":"5055087707","email":"Tom2@gmail.com","cusUrl":"https://doggywood-veterinary.s3.amazonaws.com/assets/Animals/random_a2.jpg","photoPath":"photoPath","isActive":0,"contactType":1,"roles":[{"id":1,"name":"ROLE_USER"}]}

    $.roles | not equal | array match failed at index 0 (LIST:LIST)
    [{"id":2,"name":"ROLE_ADMIN"}]
    [{"id":1,"name":"ROLE_USER"}]

      $.roles[0] | not equal | match failed for name: 'id' (MAP:MAP)
      {"id":2,"name":"ROLE_ADMIN"}
      {"id":1,"name":"ROLE_USER"}

        $.roles[0].id | not equal (NUMBER:NUMBER)
        2
        1

          $.password | not equal (STRING:STRING)
          '$2a$10$lCq.Iea1zFOt7lFMB1eoQuqQr6tihZB78SnEee1oSfrt107TSge0m'
          '$2a$10$j/BATcerSAuRXltl7ee5feXlpmHTJgtaAAhNB.eRxuFz2qjuyv5w6'

classpath:karate/users/users.feature:134
---------------------------------------------------------
feature: classpath:karate/users/users.feature
scenarios:  3 | passed:  1 | failed:  2 | time: 0.8587
---------------------------------------------------------

21:14:58.526 [main] INFO  com.intuit.karate.Suite - <<fail>> feature 9 of 9 (0 remaining) classpath:karate/users/users.feature
21:14:58.527 [main] DEBUG com.intuit.karate.Suite - waiting for 9 features to complete
Karate version: 1.1.0
======================================================
elapsed:   6.64 | threads:    1 | thread time: 4.00 
features:     6 | skipped:    3 | efficiency: 0.60
scenarios:   21 | passed:    19 | failed: 2
======================================================
>>> failed features:
status code was: 400, expected: 200, response time in milliseconds: 14, url: http://localhost:8080/api/users/null, response: 
{"type":"about:blank","title":"Bad Request","status":400,"detail":"Failed to convert 'null' with value: 'null'","instance":"/api/users/null"}
classpath:karate/users/users.feature:64
match failed: CONTAINS
  $ | actual does not contain expected | all key-values did not match, expected has un-matched keys - [password, roles] (MAP:MAP)
  {"userId":212,"username":"user14@gmail.com","password":"$2a$10$lCq.Iea1zFOt7lFMB1eoQuqQr6tihZB78SnEee1oSfrt107TSge0m","lastName":"Maestas","firstName":"Tom2","userType":3,"phone":"5055087707","email":"Tom2@gmail.com","cusUrl":"https://doggywood-veterinary.s3.amazonaws.com/assets/Animals/random_a2.jpg","photoPath":"photoPath","isActive":0,"contactType":1,"roles":[{"id":2,"name":"ROLE_ADMIN"}]}
  {"username":"user14@gmail.com","password":"$2a$10$j/BATcerSAuRXltl7ee5feXlpmHTJgtaAAhNB.eRxuFz2qjuyv5w6","lastName":"Maestas","firstName":"Tom2","userType":3,"phone":"5055087707","email":"Tom2@gmail.com","cusUrl":"https://doggywood-veterinary.s3.amazonaws.com/assets/Animals/random_a2.jpg","photoPath":"photoPath","isActive":0,"contactType":1,"roles":[{"id":1,"name":"ROLE_USER"}]}

    $.roles | not equal | array match failed at index 0 (LIST:LIST)
    [{"id":2,"name":"ROLE_ADMIN"}]
    [{"id":1,"name":"ROLE_USER"}]

      $.roles[0] | not equal | match failed for name: 'id' (MAP:MAP)
      {"id":2,"name":"ROLE_ADMIN"}
      {"id":1,"name":"ROLE_USER"}

        $.roles[0].id | not equal (NUMBER:NUMBER)
        2
        1

          $.password | not equal (STRING:STRING)
          '$2a$10$lCq.Iea1zFOt7lFMB1eoQuqQr6tihZB78SnEee1oSfrt107TSge0m'
          '$2a$10$j/BATcerSAuRXltl7ee5feXlpmHTJgtaAAhNB.eRxuFz2qjuyv5w6'

classpath:karate/users/users.feature:134
<<<

HTML report: (paste into browser to view) | Karate version: 1.1.0
file:///C:/w/git/www/_groot/mat-api/src/test/java/functional-tests/target/karate-reports/karate-summary.html
===================================================================

]]></system-out>
  </testcase>
</testsuite>