<?xml version="1.0" encoding="UTF-8"?>
<testsuite xmlns:xsi="http://www.w3.org/2001/XMLSchema-instance" xsi:noNamespaceSchemaLocation="https://maven.apache.org/surefire/maven-surefire-plugin/xsd/surefire-test-report-3.0.xsd" version="3.0" name="net.ourdailytech.rest.RestApplicationTests" time="20.244" tests="1" errors="0" skipped="0" failures="0">
  <properties>
[...]
</properties>
  <testcase name="contextLoads" classname="net.ourdailytech.rest.RestApplicationTests" time="0.08">
    <system-out><![CDATA[18:39:59.035 [main] INFO org.springframework.test.context.support.AnnotationConfigContextLoaderUtils -- Could not detect default configuration classes for test class [net.ourdailytech.rest.RestApplicationTests]: RestApplicationTests does not declare any static, non-private, non-final, nested classes annotated with @Configuration.
18:39:59.238 [main] INFO org.springframework.boot.test.context.SpringBootTestContextBootstrapper -- Found @SpringBootConfiguration net.ourdailytech.rest.DailyRestApplication for test class net.ourdailytech.rest.RestApplicationTests

  .   ____          _            __ _ _
 /\\ / ___'_ __ _ _(_)_ __  __ _ \ \ \ \
( ( )\___ | '_ | '_| | '_ \/ _` | \ \ \ \
 \\/  ___)| |_)| | | | | || (_| |  ) ) ) )
  '  |____| .__|_| |_|_| |_\__, | / / / /
 =========|_|==============|___/=/_/_/_/

 :: Spring Boot ::       (v3.3.9-SNAPSHOT)

2025-03-07T18:39:59.835-05:00  INFO 20196 --- [DATA-SERVICE] [           main] n.o.rest.RestApplicationTests            : Starting RestApplicationTests using Java 17.0.10 with PID 20196 (started by thoma in C:\Users\thoma\git\daily\daily-rest)
2025-03-07T18:39:59.838-05:00  INFO 20196 --- [DATA-SERVICE] [           main] n.o.rest.RestApplicationTests            : The following 1 profile is active: "mysql"
2025-03-07T18:40:01.129-05:00  INFO 20196 --- [DATA-SERVICE] [           main] .s.d.r.c.RepositoryConfigurationDelegate : Bootstrapping Spring Data JPA repositories in DEFAULT mode.
2025-03-07T18:40:01.240-05:00  INFO 20196 --- [DATA-SERVICE] [           main] .s.d.r.c.RepositoryConfigurationDelegate : Finished Spring Data repository scanning in 99 ms. Found 6 JPA repository interfaces.
2025-03-07T18:40:04.006-05:00  INFO 20196 --- [DATA-SERVICE] [           main] o.hibernate.jpa.internal.util.LogHelper  : HHH000204: Processing PersistenceUnitInfo [name: default]
2025-03-07T18:40:04.147-05:00  INFO 20196 --- [DATA-SERVICE] [           main] org.hibernate.Version                    : HHH000412: Hibernate ORM core version 6.5.3.Final
2025-03-07T18:40:04.221-05:00  INFO 20196 --- [DATA-SERVICE] [           main] o.h.c.internal.RegionFactoryInitiator    : HHH000026: Second-level cache disabled
2025-03-07T18:40:04.447-05:00  INFO 20196 --- [DATA-SERVICE] [           main] o.s.o.j.p.SpringPersistenceUnitInfo      : No LoadTimeWeaver setup: ignoring JPA class transformer
2025-03-07T18:40:04.519-05:00  INFO 20196 --- [DATA-SERVICE] [           main] com.zaxxer.hikari.HikariDataSource       : HikariPool-1 - Starting...
2025-03-07T18:40:05.214-05:00  INFO 20196 --- [DATA-SERVICE] [           main] com.zaxxer.hikari.pool.HikariPool        : HikariPool-1 - Added connection com.mysql.cj.jdbc.ConnectionImpl@1cdbc986
2025-03-07T18:40:05.220-05:00  INFO 20196 --- [DATA-SERVICE] [           main] com.zaxxer.hikari.HikariDataSource       : HikariPool-1 - Start completed.
2025-03-07T18:40:05.324-05:00  WARN 20196 --- [DATA-SERVICE] [           main] org.hibernate.orm.deprecation            : HHH90000025: MySQL8Dialect does not need to be specified explicitly using 'hibernate.dialect' (remove the property setting and it will be selected by default)
2025-03-07T18:40:05.328-05:00  WARN 20196 --- [DATA-SERVICE] [           main] org.hibernate.orm.deprecation            : HHH90000026: MySQL8Dialect has been deprecated; use org.hibernate.dialect.MySQLDialect instead
2025-03-07T18:40:05.375-05:00 DEBUG 20196 --- [DATA-SERVICE] [           main] o.h.t.d.sql.spi.DdlTypeRegistry          : addDescriptor(12, org.hibernate.type.descriptor.sql.internal.CapacityDependentDdlType@7701b695) replaced previous registration(org.hibernate.type.descriptor.sql.internal.CapacityDependentDdlType@524945e2)
2025-03-07T18:40:05.376-05:00 DEBUG 20196 --- [DATA-SERVICE] [           main] o.h.t.d.sql.spi.DdlTypeRegistry          : addDescriptor(-9, org.hibernate.type.descriptor.sql.internal.CapacityDependentDdlType@73b63917) replaced previous registration(org.hibernate.type.descriptor.sql.internal.CapacityDependentDdlType@2292e793)
2025-03-07T18:40:05.377-05:00 DEBUG 20196 --- [DATA-SERVICE] [           main] o.h.t.d.sql.spi.DdlTypeRegistry          : addDescriptor(-3, org.hibernate.type.descriptor.sql.internal.CapacityDependentDdlType@58dd584a) replaced previous registration(org.hibernate.type.descriptor.sql.internal.CapacityDependentDdlType@40a360e6)
2025-03-07T18:40:05.377-05:00 DEBUG 20196 --- [DATA-SERVICE] [           main] o.h.t.d.sql.spi.DdlTypeRegistry          : addDescriptor(4003, org.hibernate.type.descriptor.sql.internal.DdlTypeImpl@21f9764) replaced previous registration(org.hibernate.type.descriptor.sql.internal.DdlTypeImpl@378456cb)
2025-03-07T18:40:05.377-05:00 DEBUG 20196 --- [DATA-SERVICE] [           main] o.h.t.d.sql.spi.DdlTypeRegistry          : addDescriptor(4001, org.hibernate.type.descriptor.sql.internal.DdlTypeImpl@5295779) replaced previous registration(org.hibernate.type.descriptor.sql.internal.DdlTypeImpl@5ed6a36a)
2025-03-07T18:40:05.377-05:00 DEBUG 20196 --- [DATA-SERVICE] [           main] o.h.t.d.sql.spi.DdlTypeRegistry          : addDescriptor(4002, org.hibernate.type.descriptor.sql.internal.DdlTypeImpl@200cbb63) replaced previous registration(org.hibernate.type.descriptor.sql.internal.DdlTypeImpl@35ab83a7)
2025-03-07T18:40:05.377-05:00 DEBUG 20196 --- [DATA-SERVICE] [           main] o.h.t.d.sql.spi.DdlTypeRegistry          : addDescriptor(2004, org.hibernate.type.descriptor.sql.internal.CapacityDependentDdlType@7a7698f4) replaced previous registration(org.hibernate.type.descriptor.sql.internal.DdlTypeImpl@1150b923)
2025-03-07T18:40:05.378-05:00 DEBUG 20196 --- [DATA-SERVICE] [           main] o.h.t.d.sql.spi.DdlTypeRegistry          : addDescriptor(2005, org.hibernate.type.descriptor.sql.internal.CapacityDependentDdlType@54c2cfc9) replaced previous registration(org.hibernate.type.descriptor.sql.internal.DdlTypeImpl@3d9dc84d)
2025-03-07T18:40:05.378-05:00 DEBUG 20196 --- [DATA-SERVICE] [           main] o.h.t.d.sql.spi.DdlTypeRegistry          : addDescriptor(2011, org.hibernate.type.descriptor.sql.internal.CapacityDependentDdlType@73625632) replaced previous registration(org.hibernate.type.descriptor.sql.internal.DdlTypeImpl@676f70dc)
2025-03-07T18:40:08.099-05:00  INFO 20196 --- [DATA-SERVICE] [           main] o.h.e.t.j.p.i.JtaPlatformInitiator       : HHH000489: No JTA platform available (set 'hibernate.transaction.jta.platform' to enable JTA platform integration)
2025-03-07T18:40:08.109-05:00  INFO 20196 --- [DATA-SERVICE] [           main] j.LocalContainerEntityManagerFactoryBean : Initialized JPA EntityManagerFactory for persistence unit 'default'
2025-03-07T18:40:10.216-05:00  INFO 20196 --- [DATA-SERVICE] [           main] o.s.d.j.r.query.QueryEnhancerFactory     : Hibernate is in classpath; If applicable, HQL parser will be used.
2025-03-07T18:40:11.358-05:00  INFO 20196 --- [DATA-SERVICE] [           main] n.o.rest.security.SecurityConfig         : authenticationManager
2025-03-07T18:40:11.417-05:00  INFO 20196 --- [DATA-SERVICE] [           main] r$InitializeUserDetailsManagerConfigurer : Global AuthenticationManager configured with UserDetailsService bean with name customUserDetailsService
2025-03-07T18:40:12.050-05:00  WARN 20196 --- [DATA-SERVICE] [           main] JpaBaseConfiguration$JpaWebConfiguration : spring.jpa.open-in-view is enabled by default. Therefore, database queries may be performed during view rendering. Explicitly configure spring.jpa.open-in-view to disable this warning
2025-03-07T18:40:14.943-05:00  INFO 20196 --- [DATA-SERVICE] [           main] o.s.b.a.e.web.EndpointLinksResolver      : Exposing 14 endpoints beneath base path '/actuator'
2025-03-07T18:40:15.017-05:00  INFO 20196 --- [DATA-SERVICE] [           main] n.o.rest.security.SecurityConfig         : sec___________securityFilterChain__________________ filterChain
2025-03-07T18:40:18.943-05:00  INFO 20196 --- [DATA-SERVICE] [           main] n.o.rest.RestApplicationTests            : Started RestApplicationTests in 19.563 seconds (process running for 31.751)
******* Bean Count *******
629
]]></system-out>
  </testcase>
</testsuite>