<?xml version="1.0" encoding="UTF-8"?>
<testsuite xmlns:xsi="http://www.w3.org/2001/XMLSchema-instance" xsi:noNamespaceSchemaLocation="https://maven.apache.org/surefire/maven-surefire-plugin/xsd/surefire-test-report-3.0.xsd" version="3.0" name="net.ourdailytech.rest.PostServiceImplTest" time="0.056" tests="5" errors="0" skipped="0" failures="0">
  <properties>
[...]
</properties>
  <testcase name="get_post_make" classname="net.ourdailytech.rest.PostServiceImplTest" time="0.015">
    <system-out><![CDATA[Class/Static setup 
Method/Instance setup 
]]></system-out>
  </testcase>
  <testcase name="delete_post" classname="net.ourdailytech.rest.PostServiceImplTest" time="0.005">
    <system-out><![CDATA[Method/Instance setup 
]]></system-out>
  </testcase>
  <testcase name="add_new_post" classname="net.ourdailytech.rest.PostServiceImplTest" time="0.007">
    <system-out><![CDATA[Method/Instance setup 
]]></system-out>
  </testcase>
  <testcase name="update_post" classname="net.ourdailytech.rest.PostServiceImplTest" time="0.007">
    <system-out><![CDATA[Method/Instance setup 
]]></system-out>
  </testcase>
  <testcase name="get_post" classname="net.ourdailytech.rest.PostServiceImplTest" time="0.004">
    <system-out><![CDATA[Method/Instance setup 
]]></system-out>
  </testcase>
</testsuite>