<?xml version="1.0" encoding="UTF-8"?>
<testng-results skipped="0" failed="0" ignored="0" total="1" passed="1">
  <reporter-output>
  </reporter-output>
  <suite name="PositiveLogInTestSuite" duration-ms="17298" started-at="2020-12-30T02:46:41Z" finished-at="2020-12-30T02:46:58Z">
    <groups>
    </groups>
    <test name="PositiveLogInTest" duration-ms="17298" started-at="2020-12-30T02:46:41Z" finished-at="2020-12-30T02:46:58Z">
      <class name="com.revature.selenium.loginpagetests.PositiveLogInTests">
        <test-method status="PASS" signature="setUp(java.lang.String, org.testng.ITestContext)[pri:0, instance:com.revature.selenium.loginpagetests.PositiveLogInTests@22a67b4]" name="setUp" is-config="true" duration-ms="9878" started-at="2020-12-30T02:46:41Z" finished-at="2020-12-30T02:46:51Z">
          <params>
            <param index="0">
              <value>
                <![CDATA[chrome]]>
              </value>
            </param>
            <param index="1">
              <value>
                <![CDATA[org.testng.TestRunner@38aa816f]]>
              </value>
            </param>
          </params>
          <reporter-output>
          </reporter-output>
        </test-method> <!-- setUp -->
        <test-method status="PASS" signature="logInTest()[pri:0, instance:com.revature.selenium.loginpagetests.PositiveLogInTests@22a67b4]" name="logInTest" duration-ms="6034" started-at="2020-12-30T02:46:51Z" finished-at="2020-12-30T02:46:57Z">
          <reporter-output>
          </reporter-output>
        </test-method> <!-- logInTest -->
        <test-method status="PASS" signature="tearDown()[pri:0, instance:com.revature.selenium.loginpagetests.PositiveLogInTests@22a67b4]" name="tearDown" is-config="true" duration-ms="1346" started-at="2020-12-30T02:46:57Z" finished-at="2020-12-30T02:46:58Z">
          <reporter-output>
          </reporter-output>
        </test-method> <!-- tearDown -->
      </class> <!-- com.revature.selenium.loginpagetests.PositiveLogInTests -->
    </test> <!-- PositiveLogInTest -->
  </suite> <!-- PositiveLogInTestSuite -->
</testng-results>
