-------------------------------------------------------------------------------
Test set: karate.springRest.SpringRestTest
-------------------------------------------------------------------------------
Tests run: 9, Failures: 9, Errors: 0, Skipped: 0, Time elapsed: 0.62 s <<< FAILURE! - in karate.springRest.SpringRestTest
testREST[1][1]  Time elapsed: 0.029 s  <<< FAILURE!
org.opentest4j.AssertionFailedError: 
http call failed after 3 milliseconds for url: http://localhost:8888/rest/user
classpath:karate/springRest/springRest.feature:11

testREST[1][2]  Time elapsed: 0.029 s  <<< FAILURE!
org.opentest4j.AssertionFailedError: 
http call failed after 10 milliseconds for url: http://localhost:8888/rest/role
classpath:karate/springRest/springRest.feature:11

testREST[1][3]  Time elapsed: 0.047 s  <<< FAILURE!
org.opentest4j.AssertionFailedError: 
http call failed after 3 milliseconds for url: http://localhost:8888/rest/offer
classpath:karate/springRest/springRest.feature:11

testREST[1][4]  Time elapsed: 0.045 s  <<< FAILURE!
org.opentest4j.AssertionFailedError: 
http call failed after 4 milliseconds for url: http://localhost:8888/rest/offer_logic
classpath:karate/springRest/springRest.feature:11

testREST[1][5]  Time elapsed: 0.036 s  <<< FAILURE!
org.opentest4j.AssertionFailedError: 
http call failed after 4 milliseconds for url: http://localhost:8888/rest/post
classpath:karate/springRest/springRest.feature:11

testREST[1][6]  Time elapsed: 0.085 s  <<< FAILURE!
org.opentest4j.AssertionFailedError: 
http call failed after 5 milliseconds for url: http://localhost:8888/rest/comment
classpath:karate/springRest/springRest.feature:11

testREST[1][7]  Time elapsed: 0.114 s  <<< FAILURE!
org.opentest4j.AssertionFailedError: 
http call failed after 5 milliseconds for url: http://localhost:8888/rest/coin
classpath:karate/springRest/springRest.feature:11

testREST[1][8]  Time elapsed: 0.035 s  <<< FAILURE!
org.opentest4j.AssertionFailedError: 
http call failed after 3 milliseconds for url: http://localhost:8888/rest/author
classpath:karate/springRest/springRest.feature:11

testREST[1][9]  Time elapsed: 0.197 s  <<< FAILURE!
org.opentest4j.AssertionFailedError: 
http call failed after 2 milliseconds for url: http://localhost:8888/rest/weblink
classpath:karate/springRest/springRest.feature:11

