-------------------------------------------------------------------------------
Test set: karate.users.UsersTest
-------------------------------------------------------------------------------
Tests run: 3, Failures: 3, Errors: 0, Skipped: 0, Time elapsed: 0.219 s <<< FAILURE! - in karate.users.UsersTest
testUsers[1][1]  Time elapsed: 0.039 s  <<< FAILURE!
org.opentest4j.AssertionFailedError: 
http call failed after 3 milliseconds for url: http://localhost:8888/api/users
classpath:karate/users/users.feature:11

testUsers[1][2]  Time elapsed: 0.072 s  <<< FAILURE!
org.opentest4j.AssertionFailedError: 
http call failed after 13 milliseconds for url: http://localhost:8888/api/users
classpath:karate/users/users.feature:53

testUsers[1][3]  Time elapsed: 0.106 s  <<< FAILURE!
org.opentest4j.AssertionFailedError: 
http call failed after 3 milliseconds for url: http://localhost:8888/api/users/212
classpath:karate/users/users.feature:114

