-------------------------------------------------------------------------------
Test set: karate.springActuator.SpringActuatorTest
-------------------------------------------------------------------------------
Tests run: 5, Failures: 5, Errors: 0, Skipped: 0, Time elapsed: 0.203 s <<< FAILURE! - in karate.springActuator.SpringActuatorTest
testActuator[1][1]  Time elapsed: 0.032 s  <<< FAILURE!
org.opentest4j.AssertionFailedError: 
http call failed after 5 milliseconds for url: http://localhost:8888/actuator/health
classpath:karate/springActuator/springActuator.feature:11

testActuator[1][2]  Time elapsed: 0.03 s  <<< FAILURE!
org.opentest4j.AssertionFailedError: 
http call failed after 5 milliseconds for url: http://localhost:8888/actuator/info
classpath:karate/springActuator/springActuator.feature:11

testActuator[1][3]  Time elapsed: 0.026 s  <<< FAILURE!
org.opentest4j.AssertionFailedError: 
http call failed after 5 milliseconds for url: http://localhost:8888/actuator/env
classpath:karate/springActuator/springActuator.feature:11

testActuator[1][4]  Time elapsed: 0.028 s  <<< FAILURE!
org.opentest4j.AssertionFailedError: 
http call failed after 3 milliseconds for url: http://localhost:8888/actuator/metrics
classpath:karate/springActuator/springActuator.feature:11

testActuator[1][5]  Time elapsed: 0.083 s  <<< FAILURE!
org.opentest4j.AssertionFailedError: 
http call failed after 3 milliseconds for url: http://localhost:8888/actuator/loggers
classpath:karate/springActuator/springActuator.feature:11

