-------------------------------------------------------------------------------
Test set: karate.posts.PostsTest
-------------------------------------------------------------------------------
Tests run: 2, Failures: 2, Errors: 0, Skipped: 0, Time elapsed: 0.52 s <<< FAILURE! - in karate.posts.PostsTest
testPosts[1][1]  Time elapsed: 0.107 s  <<< FAILURE!
org.opentest4j.AssertionFailedError: 
http call failed after 3 milliseconds for url: http://localhost:8888/api/posts
classpath:karate/posts/posts.feature:11

testPosts[1][2]  Time elapsed: 0.396 s  <<< FAILURE!
org.opentest4j.AssertionFailedError: 
http call failed after 3 milliseconds for url: http://localhost:8888/api/posts/username/thomas1.maestas@gmail.com
classpath:karate/posts/posts.feature:28

